<?xml version="1.0" encoding="utf-8" standalone="no"?>
<testsuites xmlns:xsi="http://www.w3.org/2001/XMLSchema-instance" xsi:noNamespaceSchemaLocation="junit_schema_4.xsd" name="Pester" tests="546" errors="0" failures="5" disabled="0" time="3.877">
  <testsuite name="G:\20 - Projects\EmailAddress\Tests\Unit\Classes\EmailAddress.Tests.ps1" tests="149" errors="0" failures="0" hostname="CRK4LAPTOP" id="0" skipped="0" disabled="0" package="G:\20 - Projects\EmailAddress\Tests\Unit\Classes\EmailAddress.Tests.ps1" time="0.813">
    <properties>
      <property name="user-domain" value="PITT" />
      <property name="platform" value="Microsoft Windows 11 Education Insider Preview|C:\WINDOWS|\Device\Harddisk0\Partition3" />
      <property name="machine-name" value="CRK4LAPTOP" />
      <property name="framework-version" value="5.7.1" />
      <property name="os-version" value="10.0.28020" />
      <property name="junit-version" value="4" />
      <property name="cwd" value="G:\20 - Projects\EmailAddress" />
      <property name="user" value="CRK4" />
      <property name="clr-version" value="9.0.10" />
    </properties>
    <testcase name="EmailAddress Class Tests.1 Constructor Tests.1.1 Should throw an error if the default constructor is used" status="Passed" classname="G:\20 - Projects\EmailAddress\Tests\Unit\Classes\EmailAddress.Tests.ps1" assertions="0" time="0.004" />
    <testcase name="EmailAddress Class Tests.1 Constructor Tests.1.2 Should create an EmailAddress object from a plain address" status="Passed" classname="G:\20 - Projects\EmailAddress\Tests\Unit\Classes\EmailAddress.Tests.ps1" assertions="0" time="0.005" />
    <testcase name="EmailAddress Class Tests.1 Constructor Tests.1.3 Should create an EmailAddress object from a named mailbox string" status="Passed" classname="G:\20 - Projects\EmailAddress\Tests\Unit\Classes\EmailAddress.Tests.ps1" assertions="0" time="0.003" />
    <testcase name="EmailAddress Class Tests.1 Constructor Tests.1.4 Should trim whitespace from a plain address" status="Passed" classname="G:\20 - Projects\EmailAddress\Tests\Unit\Classes\EmailAddress.Tests.ps1" assertions="0" time="0.002" />
    <testcase name="EmailAddress Class Tests.1 Constructor Tests.1.5 Should trim whitespace from the display name in a named mailbox string" status="Passed" classname="G:\20 - Projects\EmailAddress\Tests\Unit\Classes\EmailAddress.Tests.ps1" assertions="0" time="0.002" />
    <testcase name="EmailAddress Class Tests.1 Constructor Tests.1.6 Should set display name to empty string when bare angle-bracket format is used" status="Passed" classname="G:\20 - Projects\EmailAddress\Tests\Unit\Classes\EmailAddress.Tests.ps1" assertions="0" time="0.003" />
    <testcase name="EmailAddress Class Tests.1 Constructor Tests.1.7 Should accept a display name containing special characters" status="Passed" classname="G:\20 - Projects\EmailAddress\Tests\Unit\Classes\EmailAddress.Tests.ps1" assertions="0" time="0.002" />
    <testcase name="EmailAddress Class Tests.1 Constructor Tests.1.8 Should throw an error for an empty string" status="Passed" classname="G:\20 - Projects\EmailAddress\Tests\Unit\Classes\EmailAddress.Tests.ps1" assertions="0" time="0.003" />
    <testcase name="EmailAddress Class Tests.1 Constructor Tests.1.9 Should throw an error for whitespace only" status="Passed" classname="G:\20 - Projects\EmailAddress\Tests\Unit\Classes\EmailAddress.Tests.ps1" assertions="0" time="0.002" />
    <testcase name="EmailAddress Class Tests.1 Constructor Tests.1.10 Should throw an error when the @ symbol is missing" status="Passed" classname="G:\20 - Projects\EmailAddress\Tests\Unit\Classes\EmailAddress.Tests.ps1" assertions="0" time="0.002" />
    <testcase name="EmailAddress Class Tests.1 Constructor Tests.1.11 Should throw an error when the domain is missing" status="Passed" classname="G:\20 - Projects\EmailAddress\Tests\Unit\Classes\EmailAddress.Tests.ps1" assertions="0" time="0.002" />
    <testcase name="EmailAddress Class Tests.1 Constructor Tests.1.12 Should throw an error when the local part is missing" status="Passed" classname="G:\20 - Projects\EmailAddress\Tests\Unit\Classes\EmailAddress.Tests.ps1" assertions="0" time="0.003" />
    <testcase name="EmailAddress Class Tests.1 Constructor Tests.1.13 Should throw an error when multiple @ symbols are present" status="Passed" classname="G:\20 - Projects\EmailAddress\Tests\Unit\Classes\EmailAddress.Tests.ps1" assertions="0" time="0.007" />
    <testcase name="EmailAddress Class Tests.1 Constructor Tests.1.14 Should throw an error when a named mailbox contains an invalid address" status="Passed" classname="G:\20 - Projects\EmailAddress\Tests\Unit\Classes\EmailAddress.Tests.ps1" assertions="0" time="0.002" />
    <testcase name="EmailAddress Class Tests.1 Constructor Tests.1.15 Should throw an error when the domain has no TLD" status="Passed" classname="G:\20 - Projects\EmailAddress\Tests\Unit\Classes\EmailAddress.Tests.ps1" assertions="0" time="0.002" />
    <testcase name="EmailAddress Class Tests.2 Properties Tests.2.1 Should allow getting but not setting of all properties.2.1.1 Should return correct value for Address property" status="Passed" classname="G:\20 - Projects\EmailAddress\Tests\Unit\Classes\EmailAddress.Tests.ps1" assertions="0" time="0.004" />
    <testcase name="EmailAddress Class Tests.2 Properties Tests.2.1 Should allow getting but not setting of all properties.2.1.2 Should return correct value for DisplayName property" status="Passed" classname="G:\20 - Projects\EmailAddress\Tests\Unit\Classes\EmailAddress.Tests.ps1" assertions="0" time="0.003" />
    <testcase name="EmailAddress Class Tests.2 Properties Tests.2.1 Should allow getting but not setting of all properties.2.1.3 Should throw when trying to set Address" status="Passed" classname="G:\20 - Projects\EmailAddress\Tests\Unit\Classes\EmailAddress.Tests.ps1" assertions="0" time="0.003" />
    <testcase name="EmailAddress Class Tests.2 Properties Tests.2.1 Should allow getting but not setting of all properties.2.1.4 Should throw when trying to set DisplayName" status="Passed" classname="G:\20 - Projects\EmailAddress\Tests\Unit\Classes\EmailAddress.Tests.ps1" assertions="0" time="0.003" />
    <testcase name="EmailAddress Class Tests.2 Properties Tests.2.1 Should allow getting but not setting of all properties.2.1.5 Should return Address as a string type" status="Passed" classname="G:\20 - Projects\EmailAddress\Tests\Unit\Classes\EmailAddress.Tests.ps1" assertions="0" time="0.003" />
    <testcase name="EmailAddress Class Tests.2 Properties Tests.2.1 Should allow getting but not setting of all properties.2.1.6 Should return DisplayName as a string type" status="Passed" classname="G:\20 - Projects\EmailAddress\Tests\Unit\Classes\EmailAddress.Tests.ps1" assertions="0" time="0.002" />
    <testcase name="EmailAddress Class Tests.3 Method Tests.3.1 GetAddress Method Tests.3.1.1 Should return the address portion from a plain address" status="Passed" classname="G:\20 - Projects\EmailAddress\Tests\Unit\Classes\EmailAddress.Tests.ps1" assertions="0" time="0.004" />
    <testcase name="EmailAddress Class Tests.3 Method Tests.3.1 GetAddress Method Tests.3.1.2 Should return only the address portion from a named mailbox" status="Passed" classname="G:\20 - Projects\EmailAddress\Tests\Unit\Classes\EmailAddress.Tests.ps1" assertions="0" time="0.002" />
    <testcase name="EmailAddress Class Tests.3 Method Tests.3.2 GetDisplayName Method Tests.3.2.1 Should return an empty string when no display name was provided" status="Passed" classname="G:\20 - Projects\EmailAddress\Tests\Unit\Classes\EmailAddress.Tests.ps1" assertions="0" time="0.008" />
    <testcase name="EmailAddress Class Tests.3 Method Tests.3.2 GetDisplayName Method Tests.3.2.2 Should return the display name when one was provided" status="Passed" classname="G:\20 - Projects\EmailAddress\Tests\Unit\Classes\EmailAddress.Tests.ps1" assertions="0" time="0.003" />
    <testcase name="EmailAddress Class Tests.3 Method Tests.3.3 GetLocalPart Method Tests.3.3.1 Should return the portion of the address before the @ symbol" status="Passed" classname="G:\20 - Projects\EmailAddress\Tests\Unit\Classes\EmailAddress.Tests.ps1" assertions="0" time="0.003" />
    <testcase name="EmailAddress Class Tests.3 Method Tests.3.3 GetLocalPart Method Tests.3.3.2 Should return the local part from a named mailbox" status="Passed" classname="G:\20 - Projects\EmailAddress\Tests\Unit\Classes\EmailAddress.Tests.ps1" assertions="0" time="0.002" />
    <testcase name="EmailAddress Class Tests.3 Method Tests.3.3 GetLocalPart Method Tests.3.3.3 Should return a local part that contains a plus sign" status="Passed" classname="G:\20 - Projects\EmailAddress\Tests\Unit\Classes\EmailAddress.Tests.ps1" assertions="0" time="0.003" />
    <testcase name="EmailAddress Class Tests.3 Method Tests.3.4 GetDomain Method Tests.3.4.1 Should return the portion of the address after the @ symbol" status="Passed" classname="G:\20 - Projects\EmailAddress\Tests\Unit\Classes\EmailAddress.Tests.ps1" assertions="0" time="0.003" />
    <testcase name="EmailAddress Class Tests.3 Method Tests.3.4 GetDomain Method Tests.3.4.2 Should return the full subdomain chain" status="Passed" classname="G:\20 - Projects\EmailAddress\Tests\Unit\Classes\EmailAddress.Tests.ps1" assertions="0" time="0.003" />
    <testcase name="EmailAddress Class Tests.3 Method Tests.3.5 ToString Method Tests.3.5.1 Should return just the address for a plain address" status="Passed" classname="G:\20 - Projects\EmailAddress\Tests\Unit\Classes\EmailAddress.Tests.ps1" assertions="0" time="0.004" />
    <testcase name="EmailAddress Class Tests.3 Method Tests.3.5 ToString Method Tests.3.5.2 Should return just the address even when a display name is present" status="Passed" classname="G:\20 - Projects\EmailAddress\Tests\Unit\Classes\EmailAddress.Tests.ps1" assertions="0" time="0.003" />
    <testcase name="EmailAddress Class Tests.3 Method Tests.3.5 ToString Method Tests.3.5.3 Should return just the address when used in PowerShell string interpolation" status="Passed" classname="G:\20 - Projects\EmailAddress\Tests\Unit\Classes\EmailAddress.Tests.ps1" assertions="0" time="0.003" />
    <testcase name="EmailAddress Class Tests.3 Method Tests.3.6 GetFriendlyName Method Tests.3.6.1 Should return just the address when no display name is set" status="Passed" classname="G:\20 - Projects\EmailAddress\Tests\Unit\Classes\EmailAddress.Tests.ps1" assertions="0" time="0.003" />
    <testcase name="EmailAddress Class Tests.3 Method Tests.3.6 GetFriendlyName Method Tests.3.6.2 Should return 'Display Name ' when a display name is set" status="Passed" classname="G:\20 - Projects\EmailAddress\Tests\Unit\Classes\EmailAddress.Tests.ps1" assertions="0" time="0.003" />
    <testcase name="EmailAddress Class Tests.3 Method Tests.3.7 FriendlyName, NamedMailbox, and Mailbox Alias Method Tests.3.7.1 FriendlyName should return the same result as GetFriendlyName" status="Passed" classname="G:\20 - Projects\EmailAddress\Tests\Unit\Classes\EmailAddress.Tests.ps1" assertions="0" time="0.008" />
    <testcase name="EmailAddress Class Tests.3 Method Tests.3.7 FriendlyName, NamedMailbox, and Mailbox Alias Method Tests.3.7.2 NamedMailbox should return the same result as GetFriendlyName" status="Passed" classname="G:\20 - Projects\EmailAddress\Tests\Unit\Classes\EmailAddress.Tests.ps1" assertions="0" time="0.003" />
    <testcase name="EmailAddress Class Tests.3 Method Tests.3.7 FriendlyName, NamedMailbox, and Mailbox Alias Method Tests.3.7.3 Mailbox should return the same result as GetFriendlyName" status="Passed" classname="G:\20 - Projects\EmailAddress\Tests\Unit\Classes\EmailAddress.Tests.ps1" assertions="0" time="0.002" />
    <testcase name="EmailAddress Class Tests.3 Method Tests.3.8 ToFriendlyString Method Tests.3.8.1 Should return the same result as GetFriendlyName" status="Passed" classname="G:\20 - Projects\EmailAddress\Tests\Unit\Classes\EmailAddress.Tests.ps1" assertions="0" time="0.003" />
    <testcase name="EmailAddress Class Tests.3 Method Tests.3.9 ToRFC5322String Method Tests.3.9.1 Should return just the address when no display name is set" status="Passed" classname="G:\20 - Projects\EmailAddress\Tests\Unit\Classes\EmailAddress.Tests.ps1" assertions="0" time="0.004" />
    <testcase name="EmailAddress Class Tests.3 Method Tests.3.9 ToRFC5322String Method Tests.3.9.2 Should return an unquoted named mailbox when the display name has no special characters" status="Passed" classname="G:\20 - Projects\EmailAddress\Tests\Unit\Classes\EmailAddress.Tests.ps1" assertions="0" time="0.004" />
    <testcase name="EmailAddress Class Tests.3 Method Tests.3.9 ToRFC5322String Method Tests.3.9.3 Should quote the display name when it contains a comma" status="Passed" classname="G:\20 - Projects\EmailAddress\Tests\Unit\Classes\EmailAddress.Tests.ps1" assertions="0" time="0.002" />
    <testcase name="EmailAddress Class Tests.3 Method Tests.3.9 ToRFC5322String Method Tests.3.9.4 Should quote the display name when it contains a space" status="Passed" classname="G:\20 - Projects\EmailAddress\Tests\Unit\Classes\EmailAddress.Tests.ps1" assertions="0" time="0.003" />
    <testcase name="EmailAddress Class Tests.3 Method Tests.3.9 ToRFC5322String Method Tests.3.9.5 Should escape embedded double quotes within the quoted display name" status="Passed" classname="G:\20 - Projects\EmailAddress\Tests\Unit\Classes\EmailAddress.Tests.ps1" assertions="0" time="0.002" />
    <testcase name="EmailAddress Class Tests.3 Method Tests.3.10 Equals Method Tests.3.10.1 Should return true for two objects with the same address and display name" status="Passed" classname="G:\20 - Projects\EmailAddress\Tests\Unit\Classes\EmailAddress.Tests.ps1" assertions="0" time="0.003" />
    <testcase name="EmailAddress Class Tests.3 Method Tests.3.10 Equals Method Tests.3.10.2 Should return false when the display names differ" status="Passed" classname="G:\20 - Projects\EmailAddress\Tests\Unit\Classes\EmailAddress.Tests.ps1" assertions="0" time="0.002" />
    <testcase name="EmailAddress Class Tests.3 Method Tests.3.10 Equals Method Tests.3.10.3 Should return false when the addresses differ" status="Passed" classname="G:\20 - Projects\EmailAddress\Tests\Unit\Classes\EmailAddress.Tests.ps1" assertions="0" time="0.002" />
    <testcase name="EmailAddress Class Tests.3 Method Tests.3.10 Equals Method Tests.3.10.4 Should return false when compared to null" status="Passed" classname="G:\20 - Projects\EmailAddress\Tests\Unit\Classes\EmailAddress.Tests.ps1" assertions="0" time="0.002" />
    <testcase name="EmailAddress Class Tests.3 Method Tests.3.10 Equals Method Tests.3.10.5 Should return false when compared to a non-EmailAddress object" status="Passed" classname="G:\20 - Projects\EmailAddress\Tests\Unit\Classes\EmailAddress.Tests.ps1" assertions="0" time="0.002" />
    <testcase name="EmailAddress Class Tests.3 Method Tests.3.10 Equals Method Tests.3.10.6 Should be case-insensitive for the address" status="Passed" classname="G:\20 - Projects\EmailAddress\Tests\Unit\Classes\EmailAddress.Tests.ps1" assertions="0" time="0.002" />
    <testcase name="EmailAddress Class Tests.3 Method Tests.3.11 EqualsIgnoreDisplayName Method Tests.3.11.1 Should return true when addresses match but display names differ" status="Passed" classname="G:\20 - Projects\EmailAddress\Tests\Unit\Classes\EmailAddress.Tests.ps1" assertions="0" time="0.003" />
    <testcase name="EmailAddress Class Tests.3 Method Tests.3.11 EqualsIgnoreDisplayName Method Tests.3.11.2 Should return false when addresses differ" status="Passed" classname="G:\20 - Projects\EmailAddress\Tests\Unit\Classes\EmailAddress.Tests.ps1" assertions="0" time="0.002" />
    <testcase name="EmailAddress Class Tests.3 Method Tests.3.11 EqualsIgnoreDisplayName Method Tests.3.11.3 Should return false when compared to null" status="Passed" classname="G:\20 - Projects\EmailAddress\Tests\Unit\Classes\EmailAddress.Tests.ps1" assertions="0" time="0.002" />
    <testcase name="EmailAddress Class Tests.3 Method Tests.3.11 EqualsIgnoreDisplayName Method Tests.3.11.4 Should be case-insensitive" status="Passed" classname="G:\20 - Projects\EmailAddress\Tests\Unit\Classes\EmailAddress.Tests.ps1" assertions="0" time="0.002" />
    <testcase name="EmailAddress Class Tests.3 Method Tests.3.12 GetHashCode Method Tests.3.12.1 Should return the same hash code for two equal objects" status="Passed" classname="G:\20 - Projects\EmailAddress\Tests\Unit\Classes\EmailAddress.Tests.ps1" assertions="0" time="0.003" />
    <testcase name="EmailAddress Class Tests.3 Method Tests.3.12 GetHashCode Method Tests.3.12.2 Should return the same hash code for case-variant addresses" status="Passed" classname="G:\20 - Projects\EmailAddress\Tests\Unit\Classes\EmailAddress.Tests.ps1" assertions="0" time="0.003" />
    <testcase name="EmailAddress Class Tests.3 Method Tests.3.12 GetHashCode Method Tests.3.12.3 Should return an integer" status="Passed" classname="G:\20 - Projects\EmailAddress\Tests\Unit\Classes\EmailAddress.Tests.ps1" assertions="0" time="0.002" />
    <testcase name="EmailAddress Class Tests.3 Method Tests.3.12 GetHashCode Method Tests.3.12.4 Should return different hash codes for clearly different addresses" status="Passed" classname="G:\20 - Projects\EmailAddress\Tests\Unit\Classes\EmailAddress.Tests.ps1" assertions="0" time="0.003" />
    <testcase name="EmailAddress Class Tests.4 Static Method Tests.4.1 Static Method Tests - IsValidEmailAddressFormat.4.1.1 Should return true for a simple valid address" status="Passed" classname="G:\20 - Projects\EmailAddress\Tests\Unit\Classes\EmailAddress.Tests.ps1" assertions="0" time="0.003" />
    <testcase name="EmailAddress Class Tests.4 Static Method Tests.4.1 Static Method Tests - IsValidEmailAddressFormat.4.1.2 Should return true for an address with a dot in the local part" status="Passed" classname="G:\20 - Projects\EmailAddress\Tests\Unit\Classes\EmailAddress.Tests.ps1" assertions="0" time="0.002" />
    <testcase name="EmailAddress Class Tests.4 Static Method Tests.4.1 Static Method Tests - IsValidEmailAddressFormat.4.1.3 Should return true for an address with a plus sign in the local part" status="Passed" classname="G:\20 - Projects\EmailAddress\Tests\Unit\Classes\EmailAddress.Tests.ps1" assertions="0" time="0.002" />
    <testcase name="EmailAddress Class Tests.4 Static Method Tests.4.1 Static Method Tests - IsValidEmailAddressFormat.4.1.4 Should return true for an address with subdomains" status="Passed" classname="G:\20 - Projects\EmailAddress\Tests\Unit\Classes\EmailAddress.Tests.ps1" assertions="0" time="0.002" />
    <testcase name="EmailAddress Class Tests.4 Static Method Tests.4.1 Static Method Tests - IsValidEmailAddressFormat.4.1.5 Should return true for an address with a multi-part TLD" status="Passed" classname="G:\20 - Projects\EmailAddress\Tests\Unit\Classes\EmailAddress.Tests.ps1" assertions="0" time="0.002" />
    <testcase name="EmailAddress Class Tests.4 Static Method Tests.4.1 Static Method Tests - IsValidEmailAddressFormat.4.1.6 Should return true for an address with uppercase characters" status="Passed" classname="G:\20 - Projects\EmailAddress\Tests\Unit\Classes\EmailAddress.Tests.ps1" assertions="0" time="0.008" />
    <testcase name="EmailAddress Class Tests.4 Static Method Tests.4.1 Static Method Tests - IsValidEmailAddressFormat.4.1.7 Should return false for an empty string" status="Passed" classname="G:\20 - Projects\EmailAddress\Tests\Unit\Classes\EmailAddress.Tests.ps1" assertions="0" time="0.002" />
    <testcase name="EmailAddress Class Tests.4 Static Method Tests.4.1 Static Method Tests - IsValidEmailAddressFormat.4.1.8 Should return false when the @ symbol is missing" status="Passed" classname="G:\20 - Projects\EmailAddress\Tests\Unit\Classes\EmailAddress.Tests.ps1" assertions="0" time="0.003" />
    <testcase name="EmailAddress Class Tests.4 Static Method Tests.4.1 Static Method Tests - IsValidEmailAddressFormat.4.1.9 Should return false when the local part is missing" status="Passed" classname="G:\20 - Projects\EmailAddress\Tests\Unit\Classes\EmailAddress.Tests.ps1" assertions="0" time="0.003" />
    <testcase name="EmailAddress Class Tests.4 Static Method Tests.4.1 Static Method Tests - IsValidEmailAddressFormat.4.1.10 Should return false when the domain is missing" status="Passed" classname="G:\20 - Projects\EmailAddress\Tests\Unit\Classes\EmailAddress.Tests.ps1" assertions="0" time="0.002" />
    <testcase name="EmailAddress Class Tests.4 Static Method Tests.4.1 Static Method Tests - IsValidEmailAddressFormat.4.1.11 Should return false for multiple @ symbols" status="Passed" classname="G:\20 - Projects\EmailAddress\Tests\Unit\Classes\EmailAddress.Tests.ps1" assertions="0" time="0.002" />
    <testcase name="EmailAddress Class Tests.4 Static Method Tests.4.1 Static Method Tests - IsValidEmailAddressFormat.4.1.12 Should return false when the local part starts with a dot" status="Passed" classname="G:\20 - Projects\EmailAddress\Tests\Unit\Classes\EmailAddress.Tests.ps1" assertions="0" time="0.002" />
    <testcase name="EmailAddress Class Tests.4 Static Method Tests.4.1 Static Method Tests - IsValidEmailAddressFormat.4.1.13 Should return false when the local part ends with a dot" status="Passed" classname="G:\20 - Projects\EmailAddress\Tests\Unit\Classes\EmailAddress.Tests.ps1" assertions="0" time="0.002" />
    <testcase name="EmailAddress Class Tests.4 Static Method Tests.4.1 Static Method Tests - IsValidEmailAddressFormat.4.1.14 Should return false when the local part contains consecutive dots" status="Passed" classname="G:\20 - Projects\EmailAddress\Tests\Unit\Classes\EmailAddress.Tests.ps1" assertions="0" time="0.002" />
    <testcase name="EmailAddress Class Tests.4 Static Method Tests.4.1 Static Method Tests - IsValidEmailAddressFormat.4.1.15 Should return false when a domain label starts with a hyphen" status="Passed" classname="G:\20 - Projects\EmailAddress\Tests\Unit\Classes\EmailAddress.Tests.ps1" assertions="0" time="0.002" />
    <testcase name="EmailAddress Class Tests.4 Static Method Tests.4.1 Static Method Tests - IsValidEmailAddressFormat.4.1.16 Should return false when a domain label ends with a hyphen" status="Passed" classname="G:\20 - Projects\EmailAddress\Tests\Unit\Classes\EmailAddress.Tests.ps1" assertions="0" time="0.002" />
    <testcase name="EmailAddress Class Tests.4 Static Method Tests.4.1 Static Method Tests - IsValidEmailAddressFormat.4.1.17 Should return false when the domain has no TLD" status="Passed" classname="G:\20 - Projects\EmailAddress\Tests\Unit\Classes\EmailAddress.Tests.ps1" assertions="0" time="0.003" />
    <testcase name="EmailAddress Class Tests.4 Static Method Tests.4.1 Static Method Tests - IsValidEmailAddressFormat.4.1.18 Should return false when the TLD is only one character" status="Passed" classname="G:\20 - Projects\EmailAddress\Tests\Unit\Classes\EmailAddress.Tests.ps1" assertions="0" time="0.002" />
    <testcase name="EmailAddress Class Tests.4 Static Method Tests.4.1 Static Method Tests - IsValidEmailAddressFormat.4.1.19 Should return false when the local part exceeds 64 characters" status="Passed" classname="G:\20 - Projects\EmailAddress\Tests\Unit\Classes\EmailAddress.Tests.ps1" assertions="0" time="0.002" />
    <testcase name="EmailAddress Class Tests.4 Static Method Tests.4.1 Static Method Tests - IsValidEmailAddressFormat.4.1.20 Should return true when the local part is exactly 64 characters" status="Passed" classname="G:\20 - Projects\EmailAddress\Tests\Unit\Classes\EmailAddress.Tests.ps1" assertions="0" time="0.002" />
    <testcase name="EmailAddress Class Tests.4 Static Method Tests.4.2 Static Method Tests - IsValidFormat, IsValidEmailAddress, IsValid (aliases).4.2.1 IsValidFormat should return true for a valid address" status="Passed" classname="G:\20 - Projects\EmailAddress\Tests\Unit\Classes\EmailAddress.Tests.ps1" assertions="0" time="0.004" />
    <testcase name="EmailAddress Class Tests.4 Static Method Tests.4.2 Static Method Tests - IsValidFormat, IsValidEmailAddress, IsValid (aliases).4.2.2 IsValidFormat should return false for an invalid address" status="Passed" classname="G:\20 - Projects\EmailAddress\Tests\Unit\Classes\EmailAddress.Tests.ps1" assertions="0" time="0.006" />
    <testcase name="EmailAddress Class Tests.4 Static Method Tests.4.2 Static Method Tests - IsValidFormat, IsValidEmailAddress, IsValid (aliases).4.2.3 IsValidEmailAddress should return true for a valid address" status="Passed" classname="G:\20 - Projects\EmailAddress\Tests\Unit\Classes\EmailAddress.Tests.ps1" assertions="0" time="0.003" />
    <testcase name="EmailAddress Class Tests.4 Static Method Tests.4.2 Static Method Tests - IsValidFormat, IsValidEmailAddress, IsValid (aliases).4.2.4 IsValidEmailAddress should return false for an invalid address" status="Passed" classname="G:\20 - Projects\EmailAddress\Tests\Unit\Classes\EmailAddress.Tests.ps1" assertions="0" time="0.002" />
    <testcase name="EmailAddress Class Tests.4 Static Method Tests.4.2 Static Method Tests - IsValidFormat, IsValidEmailAddress, IsValid (aliases).4.2.5 IsValid should return true for a valid EmailAddress object" status="Passed" classname="G:\20 - Projects\EmailAddress\Tests\Unit\Classes\EmailAddress.Tests.ps1" assertions="0" time="0.003" />
    <testcase name="EmailAddress Class Tests.4 Static Method Tests.4.2 Static Method Tests - IsValidFormat, IsValidEmailAddress, IsValid (aliases).4.2.6 IsValid should return false for a null argument" status="Passed" classname="G:\20 - Projects\EmailAddress\Tests\Unit\Classes\EmailAddress.Tests.ps1" assertions="0" time="0.003" />
    <testcase name="EmailAddress Class Tests.4 Static Method Tests.4.3 Static Method Tests - FromString and GetEmailAddressFromString.4.3.1 Should create an EmailAddress object from a valid plain address" status="Passed" classname="G:\20 - Projects\EmailAddress\Tests\Unit\Classes\EmailAddress.Tests.ps1" assertions="0" time="0.003" />
    <testcase name="EmailAddress Class Tests.4 Static Method Tests.4.3 Static Method Tests - FromString and GetEmailAddressFromString.4.3.2 Should create an EmailAddress object from a valid named mailbox string" status="Passed" classname="G:\20 - Projects\EmailAddress\Tests\Unit\Classes\EmailAddress.Tests.ps1" assertions="0" time="0.003" />
    <testcase name="EmailAddress Class Tests.4 Static Method Tests.4.3 Static Method Tests - FromString and GetEmailAddressFromString.4.3.3 Should throw for an invalid address" status="Passed" classname="G:\20 - Projects\EmailAddress\Tests\Unit\Classes\EmailAddress.Tests.ps1" assertions="0" time="0.004" />
    <testcase name="EmailAddress Class Tests.4 Static Method Tests.4.3 Static Method Tests - FromString and GetEmailAddressFromString.4.3.4 FromString and GetEmailAddressFromString should produce equivalent objects" status="Passed" classname="G:\20 - Projects\EmailAddress\Tests\Unit\Classes\EmailAddress.Tests.ps1" assertions="0" time="0.003" />
    <testcase name="EmailAddress Class Tests.4 Static Method Tests.4.4 Static Method Tests - TryFromString and TryParseEmailAddressFromString.4.4.1 Should return true and populate the ref variable for a valid address" status="Passed" classname="G:\20 - Projects\EmailAddress\Tests\Unit\Classes\EmailAddress.Tests.ps1" assertions="0" time="0.005" />
    <testcase name="EmailAddress Class Tests.4 Static Method Tests.4.4 Static Method Tests - TryFromString and TryParseEmailAddressFromString.4.4.2 Should return false and set the ref variable to null for an invalid address" status="Passed" classname="G:\20 - Projects\EmailAddress\Tests\Unit\Classes\EmailAddress.Tests.ps1" assertions="0" time="0.005" />
    <testcase name="EmailAddress Class Tests.4 Static Method Tests.4.4 Static Method Tests - TryFromString and TryParseEmailAddressFromString.4.4.3 TryFromString and TryParseEmailAddressFromString should behave identically" status="Passed" classname="G:\20 - Projects\EmailAddress\Tests\Unit\Classes\EmailAddress.Tests.ps1" assertions="0" time="0.004" />
    <testcase name="EmailAddress Class Tests.4 Static Method Tests.4.5 Static Method Tests - FromComponents and GetEmailAddressFromComponents.4.5.1 Should create an EmailAddress from local part and domain with no display name" status="Passed" classname="G:\20 - Projects\EmailAddress\Tests\Unit\Classes\EmailAddress.Tests.ps1" assertions="0" time="0.008" />
    <testcase name="EmailAddress Class Tests.4 Static Method Tests.4.5 Static Method Tests - FromComponents and GetEmailAddressFromComponents.4.5.2 Should create an EmailAddress with a display name when one is supplied" status="Passed" classname="G:\20 - Projects\EmailAddress\Tests\Unit\Classes\EmailAddress.Tests.ps1" assertions="0" time="0.004" />
    <testcase name="EmailAddress Class Tests.4 Static Method Tests.4.5 Static Method Tests - FromComponents and GetEmailAddressFromComponents.4.5.3 Should throw when the local part is empty" status="Passed" classname="G:\20 - Projects\EmailAddress\Tests\Unit\Classes\EmailAddress.Tests.ps1" assertions="0" time="0.003" />
    <testcase name="EmailAddress Class Tests.4 Static Method Tests.4.5 Static Method Tests - FromComponents and GetEmailAddressFromComponents.4.5.4 Should throw when the domain is empty" status="Passed" classname="G:\20 - Projects\EmailAddress\Tests\Unit\Classes\EmailAddress.Tests.ps1" assertions="0" time="0.002" />
    <testcase name="EmailAddress Class Tests.4 Static Method Tests.4.5 Static Method Tests - FromComponents and GetEmailAddressFromComponents.4.5.5 FromComponents and GetEmailAddressFromComponents should produce equivalent objects" status="Passed" classname="G:\20 - Projects\EmailAddress\Tests\Unit\Classes\EmailAddress.Tests.ps1" assertions="0" time="0.003" />
    <testcase name="EmailAddress Class Tests.4 Static Method Tests.4.6 Static Method Tests - TryFromComponents and TryParseEmailAddressFromComponents.4.6.1 Should return true and populate the ref variable on success" status="Passed" classname="G:\20 - Projects\EmailAddress\Tests\Unit\Classes\EmailAddress.Tests.ps1" assertions="0" time="0.003" />
    <testcase name="EmailAddress Class Tests.4 Static Method Tests.4.6 Static Method Tests - TryFromComponents and TryParseEmailAddressFromComponents.4.6.2 Should set the display name on the result when one is supplied" status="Passed" classname="G:\20 - Projects\EmailAddress\Tests\Unit\Classes\EmailAddress.Tests.ps1" assertions="0" time="0.002" />
    <testcase name="EmailAddress Class Tests.4 Static Method Tests.4.6 Static Method Tests - TryFromComponents and TryParseEmailAddressFromComponents.4.6.3 Should return false and null the ref variable when the local part is empty" status="Passed" classname="G:\20 - Projects\EmailAddress\Tests\Unit\Classes\EmailAddress.Tests.ps1" assertions="0" time="0.002" />
    <testcase name="EmailAddress Class Tests.4 Static Method Tests.4.6 Static Method Tests - TryFromComponents and TryParseEmailAddressFromComponents.4.6.4 TryFromComponents and TryParseEmailAddressFromComponents should behave identically" status="Passed" classname="G:\20 - Projects\EmailAddress\Tests\Unit\Classes\EmailAddress.Tests.ps1" assertions="0" time="0.004" />
    <testcase name="EmailAddress Class Tests.4 Static Method Tests.4.7 Static Method Tests - NormalizeEmailAddress.4.7.1 Should lowercase a mixed-case address" status="Passed" classname="G:\20 - Projects\EmailAddress\Tests\Unit\Classes\EmailAddress.Tests.ps1" assertions="0" time="0.002" />
    <testcase name="EmailAddress Class Tests.4 Static Method Tests.4.7 Static Method Tests - NormalizeEmailAddress.4.7.2 Should throw for an address with surrounding whitespace" status="Passed" classname="G:\20 - Projects\EmailAddress\Tests\Unit\Classes\EmailAddress.Tests.ps1" assertions="0" time="0.002" />
    <testcase name="EmailAddress Class Tests.4 Static Method Tests.4.7 Static Method Tests - NormalizeEmailAddress.4.7.3 Should return an already-lowercase address unchanged" status="Passed" classname="G:\20 - Projects\EmailAddress\Tests\Unit\Classes\EmailAddress.Tests.ps1" assertions="0" time="0.005" />
    <testcase name="EmailAddress Class Tests.4 Static Method Tests.4.7 Static Method Tests - NormalizeEmailAddress.4.7.4 Should throw for an invalid address" status="Passed" classname="G:\20 - Projects\EmailAddress\Tests\Unit\Classes\EmailAddress.Tests.ps1" assertions="0" time="0.003" />
    <testcase name="EmailAddress Class Tests.4 Static Method Tests.4.8 Static Method Tests - NormalizeEmailAddressObject.4.8.1 Should lowercase the address portion and return a new object" status="Passed" classname="G:\20 - Projects\EmailAddress\Tests\Unit\Classes\EmailAddress.Tests.ps1" assertions="0" time="0.003" />
    <testcase name="EmailAddress Class Tests.4 Static Method Tests.4.8 Static Method Tests - NormalizeEmailAddressObject.4.8.2 Should preserve the display name" status="Passed" classname="G:\20 - Projects\EmailAddress\Tests\Unit\Classes\EmailAddress.Tests.ps1" assertions="0" time="0.003" />
    <testcase name="EmailAddress Class Tests.4 Static Method Tests.4.8 Static Method Tests - NormalizeEmailAddressObject.4.8.3 Should return an object with no display name when the original had none" status="Passed" classname="G:\20 - Projects\EmailAddress\Tests\Unit\Classes\EmailAddress.Tests.ps1" assertions="0" time="0.002" />
    <testcase name="EmailAddress Class Tests.4 Static Method Tests.4.8 Static Method Tests - NormalizeEmailAddressObject.4.8.4 Should return a new object and not the same reference" status="Passed" classname="G:\20 - Projects\EmailAddress\Tests\Unit\Classes\EmailAddress.Tests.ps1" assertions="0" time="0.003" />
    <testcase name="EmailAddress Class Tests.4 Static Method Tests.4.8 Static Method Tests - NormalizeEmailAddressObject.4.8.5 Should throw for a null argument" status="Passed" classname="G:\20 - Projects\EmailAddress\Tests\Unit\Classes\EmailAddress.Tests.ps1" assertions="0" time="0.002" />
    <testcase name="EmailAddress Class Tests.4 Static Method Tests.4.9 Static Method Tests - AreEqualIgnoringDisplayName.4.9.1 Should return true when both addresses are identical" status="Passed" classname="G:\20 - Projects\EmailAddress\Tests\Unit\Classes\EmailAddress.Tests.ps1" assertions="0" time="0.002" />
    <testcase name="EmailAddress Class Tests.4 Static Method Tests.4.9 Static Method Tests - AreEqualIgnoringDisplayName.4.9.2 Should return true when addresses match but display names differ" status="Passed" classname="G:\20 - Projects\EmailAddress\Tests\Unit\Classes\EmailAddress.Tests.ps1" assertions="0" time="0.002" />
    <testcase name="EmailAddress Class Tests.4 Static Method Tests.4.9 Static Method Tests - AreEqualIgnoringDisplayName.4.9.3 Should be case-insensitive" status="Passed" classname="G:\20 - Projects\EmailAddress\Tests\Unit\Classes\EmailAddress.Tests.ps1" assertions="0" time="0.002" />
    <testcase name="EmailAddress Class Tests.4 Static Method Tests.4.9 Static Method Tests - AreEqualIgnoringDisplayName.4.9.4 Should return false when addresses differ" status="Passed" classname="G:\20 - Projects\EmailAddress\Tests\Unit\Classes\EmailAddress.Tests.ps1" assertions="0" time="0.003" />
    <testcase name="EmailAddress Class Tests.4 Static Method Tests.4.9 Static Method Tests - AreEqualIgnoringDisplayName.4.9.5 Should return false when the first argument is null" status="Passed" classname="G:\20 - Projects\EmailAddress\Tests\Unit\Classes\EmailAddress.Tests.ps1" assertions="0" time="0.002" />
    <testcase name="EmailAddress Class Tests.4 Static Method Tests.4.9 Static Method Tests - AreEqualIgnoringDisplayName.4.9.6 Should return false when the second argument is null" status="Passed" classname="G:\20 - Projects\EmailAddress\Tests\Unit\Classes\EmailAddress.Tests.ps1" assertions="0" time="0.002" />
    <testcase name="EmailAddress Class Tests.4 Static Method Tests.4.9 Static Method Tests - AreEqualIgnoringDisplayName.4.9.7 Should return false when both arguments are null" status="Passed" classname="G:\20 - Projects\EmailAddress\Tests\Unit\Classes\EmailAddress.Tests.ps1" assertions="0" time="0.002" />
    <testcase name="EmailAddress Class Tests.4 Static Method Tests.4.10 Static Method Tests - GetValidationFailureReason.4.10.1 Valid Addresses — Should return empty string.4.10.1.1 Should return empty string for a simple valid address" status="Passed" classname="G:\20 - Projects\EmailAddress\Tests\Unit\Classes\EmailAddress.Tests.ps1" assertions="0" time="0.002" />
    <testcase name="EmailAddress Class Tests.4 Static Method Tests.4.10 Static Method Tests - GetValidationFailureReason.4.10.1 Valid Addresses — Should return empty string.4.10.1.2 Should return empty string for an address with a dot in the local part" status="Passed" classname="G:\20 - Projects\EmailAddress\Tests\Unit\Classes\EmailAddress.Tests.ps1" assertions="0" time="0.002" />
    <testcase name="EmailAddress Class Tests.4 Static Method Tests.4.10 Static Method Tests - GetValidationFailureReason.4.10.1 Valid Addresses — Should return empty string.4.10.1.3 Should return empty string for an address with a plus sign in the local part" status="Passed" classname="G:\20 - Projects\EmailAddress\Tests\Unit\Classes\EmailAddress.Tests.ps1" assertions="0" time="0.003" />
    <testcase name="EmailAddress Class Tests.4 Static Method Tests.4.10 Static Method Tests - GetValidationFailureReason.4.10.1 Valid Addresses — Should return empty string.4.10.1.4 Should return empty string for an address with subdomains" status="Passed" classname="G:\20 - Projects\EmailAddress\Tests\Unit\Classes\EmailAddress.Tests.ps1" assertions="0" time="0.003" />
    <testcase name="EmailAddress Class Tests.4 Static Method Tests.4.10 Static Method Tests - GetValidationFailureReason.4.10.1 Valid Addresses — Should return empty string.4.10.1.5 Should return empty string for an address with a multi-part TLD" status="Passed" classname="G:\20 - Projects\EmailAddress\Tests\Unit\Classes\EmailAddress.Tests.ps1" assertions="0" time="0.002" />
    <testcase name="EmailAddress Class Tests.4 Static Method Tests.4.10 Static Method Tests - GetValidationFailureReason.4.10.1 Valid Addresses — Should return empty string.4.10.1.6 Should return empty string for an address with uppercase characters" status="Passed" classname="G:\20 - Projects\EmailAddress\Tests\Unit\Classes\EmailAddress.Tests.ps1" assertions="0" time="0.002" />
    <testcase name="EmailAddress Class Tests.4 Static Method Tests.4.10 Static Method Tests - GetValidationFailureReason.4.10.1 Valid Addresses — Should return empty string.4.10.1.7 Should return empty string, not null, for a valid address" status="Passed" classname="G:\20 - Projects\EmailAddress\Tests\Unit\Classes\EmailAddress.Tests.ps1" assertions="0" time="0.003" />
    <testcase name="EmailAddress Class Tests.4 Static Method Tests.4.10 Static Method Tests - GetValidationFailureReason.4.10.2 Null and Empty Input.4.10.2.1 Should return a reason for a null input" status="Passed" classname="G:\20 - Projects\EmailAddress\Tests\Unit\Classes\EmailAddress.Tests.ps1" assertions="0" time="0.004" />
    <testcase name="EmailAddress Class Tests.4 Static Method Tests.4.10 Static Method Tests - GetValidationFailureReason.4.10.2 Null and Empty Input.4.10.2.2 Should return a reason for an empty string" status="Passed" classname="G:\20 - Projects\EmailAddress\Tests\Unit\Classes\EmailAddress.Tests.ps1" assertions="0" time="0.002" />
    <testcase name="EmailAddress Class Tests.4 Static Method Tests.4.10 Static Method Tests - GetValidationFailureReason.4.10.2 Null and Empty Input.4.10.2.3 Should return a reason for a whitespace-only string" status="Passed" classname="G:\20 - Projects\EmailAddress\Tests\Unit\Classes\EmailAddress.Tests.ps1" assertions="0" time="0.002" />
    <testcase name="EmailAddress Class Tests.4 Static Method Tests.4.10 Static Method Tests - GetValidationFailureReason.4.10.3 Total Length Violation.4.10.3.1 Should return a reason when the address exceeds 320 characters" status="Passed" classname="G:\20 - Projects\EmailAddress\Tests\Unit\Classes\EmailAddress.Tests.ps1" assertions="0" time="0.003" />
    <testcase name="EmailAddress Class Tests.4 Static Method Tests.4.10 Static Method Tests - GetValidationFailureReason.4.10.4 Missing or Multiple @ Symbol.4.10.4.1 Should return a reason when the @ symbol is missing" status="Passed" classname="G:\20 - Projects\EmailAddress\Tests\Unit\Classes\EmailAddress.Tests.ps1" assertions="0" time="0.002" />
    <testcase name="EmailAddress Class Tests.4 Static Method Tests.4.10 Static Method Tests - GetValidationFailureReason.4.10.4 Missing or Multiple @ Symbol.4.10.4.2 Should return a reason when the local part is missing (starts with @)" status="Passed" classname="G:\20 - Projects\EmailAddress\Tests\Unit\Classes\EmailAddress.Tests.ps1" assertions="0" time="0.002" />
    <testcase name="EmailAddress Class Tests.4 Static Method Tests.4.10 Static Method Tests - GetValidationFailureReason.4.10.4 Missing or Multiple @ Symbol.4.10.4.3 Should return a reason when multiple @ symbols are present" status="Passed" classname="G:\20 - Projects\EmailAddress\Tests\Unit\Classes\EmailAddress.Tests.ps1" assertions="0" time="0.007" />
    <testcase name="EmailAddress Class Tests.4 Static Method Tests.4.10 Static Method Tests - GetValidationFailureReason.4.10.5 Local Part Length.4.10.5.1 Should return a reason when the local part exceeds 64 characters" status="Passed" classname="G:\20 - Projects\EmailAddress\Tests\Unit\Classes\EmailAddress.Tests.ps1" assertions="0" time="0.002" />
    <testcase name="EmailAddress Class Tests.4 Static Method Tests.4.10 Static Method Tests - GetValidationFailureReason.4.10.5 Local Part Length.4.10.5.2 Should return empty string when the local part is exactly 64 characters" status="Passed" classname="G:\20 - Projects\EmailAddress\Tests\Unit\Classes\EmailAddress.Tests.ps1" assertions="0" time="0.002" />
    <testcase name="EmailAddress Class Tests.4 Static Method Tests.4.10 Static Method Tests - GetValidationFailureReason.4.10.6 Local Part Invalid Characters.4.10.6.1 Should return a reason when the local part contains a space" status="Passed" classname="G:\20 - Projects\EmailAddress\Tests\Unit\Classes\EmailAddress.Tests.ps1" assertions="0" time="0.003" />
    <testcase name="EmailAddress Class Tests.4 Static Method Tests.4.10 Static Method Tests - GetValidationFailureReason.4.10.6 Local Part Invalid Characters.4.10.6.2 Should return a reason when the local part contains a backslash" status="Passed" classname="G:\20 - Projects\EmailAddress\Tests\Unit\Classes\EmailAddress.Tests.ps1" assertions="0" time="0.003" />
    <testcase name="EmailAddress Class Tests.4 Static Method Tests.4.10 Static Method Tests - GetValidationFailureReason.4.10.7 Local Part Dot Rules.4.10.7.1 Should return a reason when the local part starts with a dot" status="Passed" classname="G:\20 - Projects\EmailAddress\Tests\Unit\Classes\EmailAddress.Tests.ps1" assertions="0" time="0.002" />
    <testcase name="EmailAddress Class Tests.4 Static Method Tests.4.10 Static Method Tests - GetValidationFailureReason.4.10.7 Local Part Dot Rules.4.10.7.2 Should return a reason when the local part ends with a dot" status="Passed" classname="G:\20 - Projects\EmailAddress\Tests\Unit\Classes\EmailAddress.Tests.ps1" assertions="0" time="0.002" />
    <testcase name="EmailAddress Class Tests.4 Static Method Tests.4.10 Static Method Tests - GetValidationFailureReason.4.10.7 Local Part Dot Rules.4.10.7.3 Should return a reason when the local part contains consecutive dots" status="Passed" classname="G:\20 - Projects\EmailAddress\Tests\Unit\Classes\EmailAddress.Tests.ps1" assertions="0" time="0.003" />
    <testcase name="EmailAddress Class Tests.4 Static Method Tests.4.10 Static Method Tests - GetValidationFailureReason.4.10.8 Domain Empty.4.10.8.1 Should return a reason when the domain is missing" status="Passed" classname="G:\20 - Projects\EmailAddress\Tests\Unit\Classes\EmailAddress.Tests.ps1" assertions="0" time="0.002" />
    <testcase name="EmailAddress Class Tests.4 Static Method Tests.4.10 Static Method Tests - GetValidationFailureReason.4.10.9 Domain No TLD.4.10.9.1 Should return a reason when the domain has no dot (no TLD)" status="Passed" classname="G:\20 - Projects\EmailAddress\Tests\Unit\Classes\EmailAddress.Tests.ps1" assertions="0" time="0.002" />
    <testcase name="EmailAddress Class Tests.4 Static Method Tests.4.10 Static Method Tests - GetValidationFailureReason.4.10.10 Domain Dot Rules.4.10.10.1 Should return a reason when the domain starts with a dot" status="Passed" classname="G:\20 - Projects\EmailAddress\Tests\Unit\Classes\EmailAddress.Tests.ps1" assertions="0" time="0.002" />
    <testcase name="EmailAddress Class Tests.4 Static Method Tests.4.10 Static Method Tests - GetValidationFailureReason.4.10.10 Domain Dot Rules.4.10.10.2 Should return a reason when the domain ends with a dot" status="Passed" classname="G:\20 - Projects\EmailAddress\Tests\Unit\Classes\EmailAddress.Tests.ps1" assertions="0" time="0.002" />
    <testcase name="EmailAddress Class Tests.4 Static Method Tests.4.10 Static Method Tests - GetValidationFailureReason.4.10.11 Domain Hyphen Rules.4.10.11.1 Should return a reason when a domain label starts with a hyphen" status="Passed" classname="G:\20 - Projects\EmailAddress\Tests\Unit\Classes\EmailAddress.Tests.ps1" assertions="0" time="0.002" />
    <testcase name="EmailAddress Class Tests.4 Static Method Tests.4.10 Static Method Tests - GetValidationFailureReason.4.10.11 Domain Hyphen Rules.4.10.11.2 Should return a reason when a domain label ends with a hyphen" status="Passed" classname="G:\20 - Projects\EmailAddress\Tests\Unit\Classes\EmailAddress.Tests.ps1" assertions="0" time="0.002" />
    <testcase name="EmailAddress Class Tests.4 Static Method Tests.4.10 Static Method Tests - GetValidationFailureReason.4.10.12 Domain Label Invalid Characters.4.10.12.1 Should return a reason when a domain label contains an underscore" status="Passed" classname="G:\20 - Projects\EmailAddress\Tests\Unit\Classes\EmailAddress.Tests.ps1" assertions="0" time="0.002" />
    <testcase name="EmailAddress Class Tests.4 Static Method Tests.4.10 Static Method Tests - GetValidationFailureReason.4.10.13 TLD Length.4.10.13.1 Should return a reason when the TLD is only one character" status="Passed" classname="G:\20 - Projects\EmailAddress\Tests\Unit\Classes\EmailAddress.Tests.ps1" assertions="0" time="0.003" />
    <testcase name="EmailAddress Class Tests.4 Static Method Tests.4.10 Static Method Tests - GetValidationFailureReason.4.10.13 TLD Length.4.10.13.2 Should return empty string when the TLD is exactly 2 characters" status="Passed" classname="G:\20 - Projects\EmailAddress\Tests\Unit\Classes\EmailAddress.Tests.ps1" assertions="0" time="0.002" />
    <testcase name="EmailAddress Class Tests.4 Static Method Tests.4.10 Static Method Tests - GetValidationFailureReason.4.10.14 Return Type.4.10.14.1 Should always return a string, never null, for any input" status="Passed" classname="G:\20 - Projects\EmailAddress\Tests\Unit\Classes\EmailAddress.Tests.ps1" assertions="0" time="0.007" />
    <testcase name="EmailAddress Class Tests.4 Static Method Tests.4.10 Static Method Tests - GetValidationFailureReason.4.10.14 Return Type.4.10.14.2 IsValidEmailAddressFormat should agree with GetValidationFailureReason for valid input" status="Passed" classname="G:\20 - Projects\EmailAddress\Tests\Unit\Classes\EmailAddress.Tests.ps1" assertions="0" time="0.003" />
    <testcase name="EmailAddress Class Tests.4 Static Method Tests.4.10 Static Method Tests - GetValidationFailureReason.4.10.14 Return Type.4.10.14.3 IsValidEmailAddressFormat should agree with GetValidationFailureReason for invalid input" status="Passed" classname="G:\20 - Projects\EmailAddress\Tests\Unit\Classes\EmailAddress.Tests.ps1" assertions="0" time="0.002" />
  </testsuite>
  <testsuite name="G:\20 - Projects\EmailAddress\Tests\Unit\Private\Resolve-EmailAddressInput.Tests.ps1" tests="31" errors="0" failures="0" hostname="CRK4LAPTOP" id="1" skipped="0" disabled="0" package="G:\20 - Projects\EmailAddress\Tests\Unit\Private\Resolve-EmailAddressInput.Tests.ps1" time="0.247">
    <properties>
      <property name="user-domain" value="PITT" />
      <property name="platform" value="Microsoft Windows 11 Education Insider Preview|C:\WINDOWS|\Device\Harddisk0\Partition3" />
      <property name="machine-name" value="CRK4LAPTOP" />
      <property name="framework-version" value="5.7.1" />
      <property name="os-version" value="10.0.28020" />
      <property name="junit-version" value="4" />
      <property name="cwd" value="G:\20 - Projects\EmailAddress" />
      <property name="user" value="CRK4" />
      <property name="clr-version" value="9.0.10" />
    </properties>
    <testcase name="Resolve-EmailAddressInput Private Function Tests.1 EmailAddress Object Input.1.1 Should return the same EmailAddress object when given an EmailAddress" status="Passed" classname="G:\20 - Projects\EmailAddress\Tests\Unit\Private\Resolve-EmailAddressInput.Tests.ps1" assertions="0" time="0.002" />
    <testcase name="Resolve-EmailAddressInput Private Function Tests.1 EmailAddress Object Input.1.2 Should return the identical object reference when given an EmailAddress" status="Passed" classname="G:\20 - Projects\EmailAddress\Tests\Unit\Private\Resolve-EmailAddressInput.Tests.ps1" assertions="0" time="0.002" />
    <testcase name="Resolve-EmailAddressInput Private Function Tests.1 EmailAddress Object Input.1.3 Should return the correct address from a plain EmailAddress object" status="Passed" classname="G:\20 - Projects\EmailAddress\Tests\Unit\Private\Resolve-EmailAddressInput.Tests.ps1" assertions="0" time="0.003" />
    <testcase name="Resolve-EmailAddressInput Private Function Tests.1 EmailAddress Object Input.1.4 Should return the correct address from a named mailbox EmailAddress object" status="Passed" classname="G:\20 - Projects\EmailAddress\Tests\Unit\Private\Resolve-EmailAddressInput.Tests.ps1" assertions="0" time="0.002" />
    <testcase name="Resolve-EmailAddressInput Private Function Tests.1 EmailAddress Object Input.1.5 Should preserve the display name from a named mailbox EmailAddress object" status="Passed" classname="G:\20 - Projects\EmailAddress\Tests\Unit\Private\Resolve-EmailAddressInput.Tests.ps1" assertions="0" time="0.003" />
    <testcase name="Resolve-EmailAddressInput Private Function Tests.1 EmailAddress Object Input.1.6 Should not throw when given a valid EmailAddress object" status="Passed" classname="G:\20 - Projects\EmailAddress\Tests\Unit\Private\Resolve-EmailAddressInput.Tests.ps1" assertions="0" time="0.002" />
    <testcase name="Resolve-EmailAddressInput Private Function Tests.2 Plain Address String Input.2.1 Should return an EmailAddress object from a plain address string" status="Passed" classname="G:\20 - Projects\EmailAddress\Tests\Unit\Private\Resolve-EmailAddressInput.Tests.ps1" assertions="0" time="0.003" />
    <testcase name="Resolve-EmailAddressInput Private Function Tests.2 Plain Address String Input.2.2 Should set the correct address from a plain address string" status="Passed" classname="G:\20 - Projects\EmailAddress\Tests\Unit\Private\Resolve-EmailAddressInput.Tests.ps1" assertions="0" time="0.003" />
    <testcase name="Resolve-EmailAddressInput Private Function Tests.2 Plain Address String Input.2.3 Should set the display name to empty string from a plain address string" status="Passed" classname="G:\20 - Projects\EmailAddress\Tests\Unit\Private\Resolve-EmailAddressInput.Tests.ps1" assertions="0" time="0.008" />
    <testcase name="Resolve-EmailAddressInput Private Function Tests.2 Plain Address String Input.2.4 Should not throw when given a valid plain address string" status="Passed" classname="G:\20 - Projects\EmailAddress\Tests\Unit\Private\Resolve-EmailAddressInput.Tests.ps1" assertions="0" time="0.002" />
    <testcase name="Resolve-EmailAddressInput Private Function Tests.3 Named Mailbox String Input.3.1 Should return an EmailAddress object from a named mailbox string" status="Passed" classname="G:\20 - Projects\EmailAddress\Tests\Unit\Private\Resolve-EmailAddressInput.Tests.ps1" assertions="0" time="0.003" />
    <testcase name="Resolve-EmailAddressInput Private Function Tests.3 Named Mailbox String Input.3.2 Should parse the address correctly from a named mailbox string" status="Passed" classname="G:\20 - Projects\EmailAddress\Tests\Unit\Private\Resolve-EmailAddressInput.Tests.ps1" assertions="0" time="0.002" />
    <testcase name="Resolve-EmailAddressInput Private Function Tests.3 Named Mailbox String Input.3.3 Should parse the display name correctly from a named mailbox string" status="Passed" classname="G:\20 - Projects\EmailAddress\Tests\Unit\Private\Resolve-EmailAddressInput.Tests.ps1" assertions="0" time="0.003" />
    <testcase name="Resolve-EmailAddressInput Private Function Tests.3 Named Mailbox String Input.3.4 Should handle a display name containing special characters" status="Passed" classname="G:\20 - Projects\EmailAddress\Tests\Unit\Private\Resolve-EmailAddressInput.Tests.ps1" assertions="0" time="0.002" />
    <testcase name="Resolve-EmailAddressInput Private Function Tests.3 Named Mailbox String Input.3.5 Should not throw when given a valid named mailbox string" status="Passed" classname="G:\20 - Projects\EmailAddress\Tests\Unit\Private\Resolve-EmailAddressInput.Tests.ps1" assertions="0" time="0.002" />
    <testcase name="Resolve-EmailAddressInput Private Function Tests.4 Invalid Input - Terminating Error Behaviour.4.1 Should throw for a string missing the @ symbol" status="Passed" classname="G:\20 - Projects\EmailAddress\Tests\Unit\Private\Resolve-EmailAddressInput.Tests.ps1" assertions="0" time="0.005" />
    <testcase name="Resolve-EmailAddressInput Private Function Tests.4 Invalid Input - Terminating Error Behaviour.4.2 Should throw for a string with a missing domain" status="Passed" classname="G:\20 - Projects\EmailAddress\Tests\Unit\Private\Resolve-EmailAddressInput.Tests.ps1" assertions="0" time="0.004" />
    <testcase name="Resolve-EmailAddressInput Private Function Tests.4 Invalid Input - Terminating Error Behaviour.4.3 Should throw for a string with a missing local part" status="Passed" classname="G:\20 - Projects\EmailAddress\Tests\Unit\Private\Resolve-EmailAddressInput.Tests.ps1" assertions="0" time="0.003" />
    <testcase name="Resolve-EmailAddressInput Private Function Tests.4 Invalid Input - Terminating Error Behaviour.4.4 Should throw for an empty string" status="Passed" classname="G:\20 - Projects\EmailAddress\Tests\Unit\Private\Resolve-EmailAddressInput.Tests.ps1" assertions="0" time="0.003" />
    <testcase name="Resolve-EmailAddressInput Private Function Tests.4 Invalid Input - Terminating Error Behaviour.4.5 Should throw for a domain with no TLD" status="Passed" classname="G:\20 - Projects\EmailAddress\Tests\Unit\Private\Resolve-EmailAddressInput.Tests.ps1" assertions="0" time="0.003" />
    <testcase name="Resolve-EmailAddressInput Private Function Tests.4 Invalid Input - Terminating Error Behaviour.4.6 Should throw for a named mailbox string containing an invalid address" status="Passed" classname="G:\20 - Projects\EmailAddress\Tests\Unit\Private\Resolve-EmailAddressInput.Tests.ps1" assertions="0" time="0.009" />
    <testcase name="Resolve-EmailAddressInput Private Function Tests.4 Invalid Input - Terminating Error Behaviour.4.7 Should include the ParameterName in the error message when throwing" status="Passed" classname="G:\20 - Projects\EmailAddress\Tests\Unit\Private\Resolve-EmailAddressInput.Tests.ps1" assertions="0" time="0.002" />
    <testcase name="Resolve-EmailAddressInput Private Function Tests.4 Invalid Input - Terminating Error Behaviour.4.8 Should include the invalid input value in the error message when throwing" status="Passed" classname="G:\20 - Projects\EmailAddress\Tests\Unit\Private\Resolve-EmailAddressInput.Tests.ps1" assertions="0" time="0.002" />
    <testcase name="Resolve-EmailAddressInput Private Function Tests.4 Invalid Input - Terminating Error Behaviour.4.9 Should use the correct ParameterName in the error message for different parameter names" status="Passed" classname="G:\20 - Projects\EmailAddress\Tests\Unit\Private\Resolve-EmailAddressInput.Tests.ps1" assertions="0" time="0.002" />
    <testcase name="Resolve-EmailAddressInput Private Function Tests.5 ParameterName Has No Effect on Successful Resolution.5.1 Should return the same result regardless of the ParameterName value for a valid string" status="Passed" classname="G:\20 - Projects\EmailAddress\Tests\Unit\Private\Resolve-EmailAddressInput.Tests.ps1" assertions="0" time="0.002" />
    <testcase name="Resolve-EmailAddressInput Private Function Tests.5 ParameterName Has No Effect on Successful Resolution.5.2 Should return the same result regardless of the ParameterName value for a valid EmailAddress object" status="Passed" classname="G:\20 - Projects\EmailAddress\Tests\Unit\Private\Resolve-EmailAddressInput.Tests.ps1" assertions="0" time="0.002" />
    <testcase name="Resolve-EmailAddressInput Private Function Tests.6 Output Type and Structure.6.1 Should return an object of type EmailAddress from a string input" status="Passed" classname="G:\20 - Projects\EmailAddress\Tests\Unit\Private\Resolve-EmailAddressInput.Tests.ps1" assertions="0" time="0.004" />
    <testcase name="Resolve-EmailAddressInput Private Function Tests.6 Output Type and Structure.6.2 Should return an object of type EmailAddress from an EmailAddress input" status="Passed" classname="G:\20 - Projects\EmailAddress\Tests\Unit\Private\Resolve-EmailAddressInput.Tests.ps1" assertions="0" time="0.002" />
    <testcase name="Resolve-EmailAddressInput Private Function Tests.6 Output Type and Structure.6.3 Should return a single object, not an array, for a single input" status="Passed" classname="G:\20 - Projects\EmailAddress\Tests\Unit\Private\Resolve-EmailAddressInput.Tests.ps1" assertions="0" time="0.002" />
    <testcase name="Resolve-EmailAddressInput Private Function Tests.6 Output Type and Structure.6.4 Should expose the Address script property on the returned object" status="Passed" classname="G:\20 - Projects\EmailAddress\Tests\Unit\Private\Resolve-EmailAddressInput.Tests.ps1" assertions="0" time="0.003" />
    <testcase name="Resolve-EmailAddressInput Private Function Tests.6 Output Type and Structure.6.5 Should expose the DisplayName script property on the returned object" status="Passed" classname="G:\20 - Projects\EmailAddress\Tests\Unit\Private\Resolve-EmailAddressInput.Tests.ps1" assertions="0" time="0.003" />
  </testsuite>
  <testsuite name="G:\20 - Projects\EmailAddress\Tests\Unit\Public\Compare-EmailAddress.Tests.ps1" tests="51" errors="0" failures="0" hostname="CRK4LAPTOP" id="2" skipped="0" disabled="0" package="G:\20 - Projects\EmailAddress\Tests\Unit\Public\Compare-EmailAddress.Tests.ps1" time="0.376">
    <properties>
      <property name="user-domain" value="PITT" />
      <property name="platform" value="Microsoft Windows 11 Education Insider Preview|C:\WINDOWS|\Device\Harddisk0\Partition3" />
      <property name="machine-name" value="CRK4LAPTOP" />
      <property name="framework-version" value="5.7.1" />
      <property name="os-version" value="10.0.28020" />
      <property name="junit-version" value="4" />
      <property name="cwd" value="G:\20 - Projects\EmailAddress" />
      <property name="user" value="CRK4" />
      <property name="clr-version" value="9.0.10" />
    </properties>
    <testcase name="Compare-EmailAddress Cmdlet Tests.1 Default Comparison (Address and Display Name).1.1 Equal Inputs.1.1.1 Should return true for two identical plain addresses" status="Passed" classname="G:\20 - Projects\EmailAddress\Tests\Unit\Public\Compare-EmailAddress.Tests.ps1" assertions="0" time="0.002" />
    <testcase name="Compare-EmailAddress Cmdlet Tests.1 Default Comparison (Address and Display Name).1.1 Equal Inputs.1.1.2 Should return true for two identical named mailboxes" status="Passed" classname="G:\20 - Projects\EmailAddress\Tests\Unit\Public\Compare-EmailAddress.Tests.ps1" assertions="0" time="0.002" />
    <testcase name="Compare-EmailAddress Cmdlet Tests.1 Default Comparison (Address and Display Name).1.1 Equal Inputs.1.1.3 Should return true when case differs only in the address portion" status="Passed" classname="G:\20 - Projects\EmailAddress\Tests\Unit\Public\Compare-EmailAddress.Tests.ps1" assertions="0" time="0.002" />
    <testcase name="Compare-EmailAddress Cmdlet Tests.1 Default Comparison (Address and Display Name).1.1 Equal Inputs.1.1.4 Should return true for a plain address compared against itself" status="Passed" classname="G:\20 - Projects\EmailAddress\Tests\Unit\Public\Compare-EmailAddress.Tests.ps1" assertions="0" time="0.001" />
    <testcase name="Compare-EmailAddress Cmdlet Tests.1 Default Comparison (Address and Display Name).1.2 Unequal Inputs.1.2.1 Should return false when display names differ" status="Passed" classname="G:\20 - Projects\EmailAddress\Tests\Unit\Public\Compare-EmailAddress.Tests.ps1" assertions="0" time="0.004" />
    <testcase name="Compare-EmailAddress Cmdlet Tests.1 Default Comparison (Address and Display Name).1.2 Unequal Inputs.1.2.2 Should return false when addresses differ" status="Passed" classname="G:\20 - Projects\EmailAddress\Tests\Unit\Public\Compare-EmailAddress.Tests.ps1" assertions="0" time="0.003" />
    <testcase name="Compare-EmailAddress Cmdlet Tests.1 Default Comparison (Address and Display Name).1.2 Unequal Inputs.1.2.3 Should return false when one has a display name and the other does not" status="Passed" classname="G:\20 - Projects\EmailAddress\Tests\Unit\Public\Compare-EmailAddress.Tests.ps1" assertions="0" time="0.002" />
    <testcase name="Compare-EmailAddress Cmdlet Tests.1 Default Comparison (Address and Display Name).1.2 Unequal Inputs.1.2.4 Should return false when both local part and domain differ" status="Passed" classname="G:\20 - Projects\EmailAddress\Tests\Unit\Public\Compare-EmailAddress.Tests.ps1" assertions="0" time="0.002" />
    <testcase name="Compare-EmailAddress Cmdlet Tests.2 Comparison with -IgnoreDisplayName.2.1 Equal Addresses.2.1.1 Should return true when addresses match and display names differ" status="Passed" classname="G:\20 - Projects\EmailAddress\Tests\Unit\Public\Compare-EmailAddress.Tests.ps1" assertions="0" time="0.008" />
    <testcase name="Compare-EmailAddress Cmdlet Tests.2 Comparison with -IgnoreDisplayName.2.1 Equal Addresses.2.1.2 Should return true when one has a display name and the other does not" status="Passed" classname="G:\20 - Projects\EmailAddress\Tests\Unit\Public\Compare-EmailAddress.Tests.ps1" assertions="0" time="0.002" />
    <testcase name="Compare-EmailAddress Cmdlet Tests.2 Comparison with -IgnoreDisplayName.2.1 Equal Addresses.2.1.3 Should return true for identical plain addresses" status="Passed" classname="G:\20 - Projects\EmailAddress\Tests\Unit\Public\Compare-EmailAddress.Tests.ps1" assertions="0" time="0.002" />
    <testcase name="Compare-EmailAddress Cmdlet Tests.2 Comparison with -IgnoreDisplayName.2.1 Equal Addresses.2.1.4 Should return true when address case differs" status="Passed" classname="G:\20 - Projects\EmailAddress\Tests\Unit\Public\Compare-EmailAddress.Tests.ps1" assertions="0" time="0.002" />
    <testcase name="Compare-EmailAddress Cmdlet Tests.2 Comparison with -IgnoreDisplayName.2.2 Unequal Addresses.2.2.1 Should return false when addresses differ regardless of -IgnoreDisplayName" status="Passed" classname="G:\20 - Projects\EmailAddress\Tests\Unit\Public\Compare-EmailAddress.Tests.ps1" assertions="0" time="0.003" />
    <testcase name="Compare-EmailAddress Cmdlet Tests.2 Comparison with -IgnoreDisplayName.2.3 Default vs IgnoreDisplayName.2.3.1 Should return false by default but true with -IgnoreDisplayName when only display names differ" status="Passed" classname="G:\20 - Projects\EmailAddress\Tests\Unit\Public\Compare-EmailAddress.Tests.ps1" assertions="0" time="0.002" />
    <testcase name="Compare-EmailAddress Cmdlet Tests.2 Comparison with -IgnoreDisplayName.2.3 Default vs IgnoreDisplayName.2.3.2 Should return the same result with or without -IgnoreDisplayName when addresses differ" status="Passed" classname="G:\20 - Projects\EmailAddress\Tests\Unit\Public\Compare-EmailAddress.Tests.ps1" assertions="0" time="0.002" />
    <testcase name="Compare-EmailAddress Cmdlet Tests.2 Comparison with -IgnoreDisplayName.2.3 Default vs IgnoreDisplayName.2.3.3 Should return the same result with or without -IgnoreDisplayName when both address and display name are identical" status="Passed" classname="G:\20 - Projects\EmailAddress\Tests\Unit\Public\Compare-EmailAddress.Tests.ps1" assertions="0" time="0.003" />
    <testcase name="Compare-EmailAddress Cmdlet Tests.3 String Input.3.1 Should accept plain address strings for both parameters" status="Passed" classname="G:\20 - Projects\EmailAddress\Tests\Unit\Public\Compare-EmailAddress.Tests.ps1" assertions="0" time="0.002" />
    <testcase name="Compare-EmailAddress Cmdlet Tests.3 String Input.3.2 Should accept named mailbox strings for both parameters" status="Passed" classname="G:\20 - Projects\EmailAddress\Tests\Unit\Public\Compare-EmailAddress.Tests.ps1" assertions="0" time="0.002" />
    <testcase name="Compare-EmailAddress Cmdlet Tests.3 String Input.3.3 Should accept a string for one parameter and an EmailAddress object for the other" status="Passed" classname="G:\20 - Projects\EmailAddress\Tests\Unit\Public\Compare-EmailAddress.Tests.ps1" assertions="0" time="0.002" />
    <testcase name="Compare-EmailAddress Cmdlet Tests.3 String Input.3.4 Should produce the same result from strings as from EmailAddress objects" status="Passed" classname="G:\20 - Projects\EmailAddress\Tests\Unit\Public\Compare-EmailAddress.Tests.ps1" assertions="0" time="0.003" />
    <testcase name="Compare-EmailAddress Cmdlet Tests.3 String Input.3.5 Should throw a terminating error for an invalid ReferenceAddress string" status="Passed" classname="G:\20 - Projects\EmailAddress\Tests\Unit\Public\Compare-EmailAddress.Tests.ps1" assertions="0" time="0.009" />
    <testcase name="Compare-EmailAddress Cmdlet Tests.3 String Input.3.6 Should throw a terminating error for an invalid DifferenceAddress string" status="Passed" classname="G:\20 - Projects\EmailAddress\Tests\Unit\Public\Compare-EmailAddress.Tests.ps1" assertions="0" time="0.003" />
    <testcase name="Compare-EmailAddress Cmdlet Tests.3 String Input.3.7 Should use the same DifferenceAddress object for every piped ReferenceAddress input" status="Passed" classname="G:\20 - Projects\EmailAddress\Tests\Unit\Public\Compare-EmailAddress.Tests.ps1" assertions="0" time="0.004" />
    <testcase name="Compare-EmailAddress Cmdlet Tests.4 Detailed Output.4.1 Structure.4.1.1 Should return a PSCustomObject" status="Passed" classname="G:\20 - Projects\EmailAddress\Tests\Unit\Public\Compare-EmailAddress.Tests.ps1" assertions="0" time="0.002" />
    <testcase name="Compare-EmailAddress Cmdlet Tests.4 Detailed Output.4.1 Structure.4.1.2 Should expose a ReferenceAddress property" status="Passed" classname="G:\20 - Projects\EmailAddress\Tests\Unit\Public\Compare-EmailAddress.Tests.ps1" assertions="0" time="0.003" />
    <testcase name="Compare-EmailAddress Cmdlet Tests.4 Detailed Output.4.1 Structure.4.1.3 Should expose a DifferenceAddress property" status="Passed" classname="G:\20 - Projects\EmailAddress\Tests\Unit\Public\Compare-EmailAddress.Tests.ps1" assertions="0" time="0.002" />
    <testcase name="Compare-EmailAddress Cmdlet Tests.4 Detailed Output.4.1 Structure.4.1.4 Should expose an AreEqual property" status="Passed" classname="G:\20 - Projects\EmailAddress\Tests\Unit\Public\Compare-EmailAddress.Tests.ps1" assertions="0" time="0.002" />
    <testcase name="Compare-EmailAddress Cmdlet Tests.4 Detailed Output.4.1 Structure.4.1.5 Should expose an IgnoredDisplayName property" status="Passed" classname="G:\20 - Projects\EmailAddress\Tests\Unit\Public\Compare-EmailAddress.Tests.ps1" assertions="0" time="0.002" />
    <testcase name="Compare-EmailAddress Cmdlet Tests.4 Detailed Output.4.1 Structure.4.1.6 Should return AreEqual as a bool type" status="Passed" classname="G:\20 - Projects\EmailAddress\Tests\Unit\Public\Compare-EmailAddress.Tests.ps1" assertions="0" time="0.004" />
    <testcase name="Compare-EmailAddress Cmdlet Tests.4 Detailed Output.4.1 Structure.4.1.7 Should return IgnoredDisplayName as a bool type" status="Passed" classname="G:\20 - Projects\EmailAddress\Tests\Unit\Public\Compare-EmailAddress.Tests.ps1" assertions="0" time="0.002" />
    <testcase name="Compare-EmailAddress Cmdlet Tests.4 Detailed Output.4.2 Equal Addresses.4.2.1 Should set AreEqual to true for matching addresses" status="Passed" classname="G:\20 - Projects\EmailAddress\Tests\Unit\Public\Compare-EmailAddress.Tests.ps1" assertions="0" time="0.002" />
    <testcase name="Compare-EmailAddress Cmdlet Tests.4 Detailed Output.4.2 Equal Addresses.4.2.2 Should set ReferenceAddress to the formatted reference input" status="Passed" classname="G:\20 - Projects\EmailAddress\Tests\Unit\Public\Compare-EmailAddress.Tests.ps1" assertions="0" time="0.002" />
    <testcase name="Compare-EmailAddress Cmdlet Tests.4 Detailed Output.4.2 Equal Addresses.4.2.3 Should set DifferenceAddress to the formatted difference input" status="Passed" classname="G:\20 - Projects\EmailAddress\Tests\Unit\Public\Compare-EmailAddress.Tests.ps1" assertions="0" time="0.002" />
    <testcase name="Compare-EmailAddress Cmdlet Tests.4 Detailed Output.4.3 Unequal Addresses.4.3.1 Should set AreEqual to false when addresses differ" status="Passed" classname="G:\20 - Projects\EmailAddress\Tests\Unit\Public\Compare-EmailAddress.Tests.ps1" assertions="0" time="0.002" />
    <testcase name="Compare-EmailAddress Cmdlet Tests.4 Detailed Output.4.3 Unequal Addresses.4.3.2 Should set AreEqual to false when display names differ in default mode" status="Passed" classname="G:\20 - Projects\EmailAddress\Tests\Unit\Public\Compare-EmailAddress.Tests.ps1" assertions="0" time="0.002" />
    <testcase name="Compare-EmailAddress Cmdlet Tests.4 Detailed Output.4.4 IgnoredDisplayName Flag in Detailed Output.4.4.1 Should set IgnoredDisplayName to false when -IgnoreDisplayName is not used" status="Passed" classname="G:\20 - Projects\EmailAddress\Tests\Unit\Public\Compare-EmailAddress.Tests.ps1" assertions="0" time="0.002" />
    <testcase name="Compare-EmailAddress Cmdlet Tests.4 Detailed Output.4.4 IgnoredDisplayName Flag in Detailed Output.4.4.2 Should set IgnoredDisplayName to true when -IgnoreDisplayName is used" status="Passed" classname="G:\20 - Projects\EmailAddress\Tests\Unit\Public\Compare-EmailAddress.Tests.ps1" assertions="0" time="0.002" />
    <testcase name="Compare-EmailAddress Cmdlet Tests.4 Detailed Output.4.4 IgnoredDisplayName Flag in Detailed Output.4.4.3 Should set AreEqual to true with -IgnoreDisplayName when only display names differ" status="Passed" classname="G:\20 - Projects\EmailAddress\Tests\Unit\Public\Compare-EmailAddress.Tests.ps1" assertions="0" time="0.002" />
    <testcase name="Compare-EmailAddress Cmdlet Tests.4 Detailed Output.4.5 Detailed vs Default Consistency.4.5.1 Detailed AreEqual should match the default bool output" status="Passed" classname="G:\20 - Projects\EmailAddress\Tests\Unit\Public\Compare-EmailAddress.Tests.ps1" assertions="0" time="0.003" />
    <testcase name="Compare-EmailAddress Cmdlet Tests.4 Detailed Output.4.5 Detailed vs Default Consistency.4.5.2 Detailed AreEqual should match the default bool output with -IgnoreDisplayName" status="Passed" classname="G:\20 - Projects\EmailAddress\Tests\Unit\Public\Compare-EmailAddress.Tests.ps1" assertions="0" time="0.002" />
    <testcase name="Compare-EmailAddress Cmdlet Tests.5 Pipeline Input on ReferenceAddress.5.1 Should accept a single EmailAddress object from the pipeline" status="Passed" classname="G:\20 - Projects\EmailAddress\Tests\Unit\Public\Compare-EmailAddress.Tests.ps1" assertions="0" time="0.002" />
    <testcase name="Compare-EmailAddress Cmdlet Tests.5 Pipeline Input on ReferenceAddress.5.2 Should accept a plain address string from the pipeline" status="Passed" classname="G:\20 - Projects\EmailAddress\Tests\Unit\Public\Compare-EmailAddress.Tests.ps1" assertions="0" time="0.002" />
    <testcase name="Compare-EmailAddress Cmdlet Tests.5 Pipeline Input on ReferenceAddress.5.3 Should return one result per piped input" status="Passed" classname="G:\20 - Projects\EmailAddress\Tests\Unit\Public\Compare-EmailAddress.Tests.ps1" assertions="0" time="0.003" />
    <testcase name="Compare-EmailAddress Cmdlet Tests.5 Pipeline Input on ReferenceAddress.5.4 Should evaluate each piped input against the fixed DifferenceAddress" status="Passed" classname="G:\20 - Projects\EmailAddress\Tests\Unit\Public\Compare-EmailAddress.Tests.ps1" assertions="0" time="0.003" />
    <testcase name="Compare-EmailAddress Cmdlet Tests.5 Pipeline Input on ReferenceAddress.5.5 Should preserve input order in the output" status="Passed" classname="G:\20 - Projects\EmailAddress\Tests\Unit\Public\Compare-EmailAddress.Tests.ps1" assertions="0" time="0.010" />
    <testcase name="Compare-EmailAddress Cmdlet Tests.5 Pipeline Input on ReferenceAddress.5.6 Should apply -IgnoreDisplayName consistently across all piped inputs" status="Passed" classname="G:\20 - Projects\EmailAddress\Tests\Unit\Public\Compare-EmailAddress.Tests.ps1" assertions="0" time="0.004" />
    <testcase name="Compare-EmailAddress Cmdlet Tests.5 Pipeline Input on ReferenceAddress.5.7 Should return Detailed objects for each piped input when -Detailed is used" status="Passed" classname="G:\20 - Projects\EmailAddress\Tests\Unit\Public\Compare-EmailAddress.Tests.ps1" assertions="0" time="0.003" />
    <testcase name="Compare-EmailAddress Cmdlet Tests.6 Output Type.6.1 Should return a bool in default mode" status="Passed" classname="G:\20 - Projects\EmailAddress\Tests\Unit\Public\Compare-EmailAddress.Tests.ps1" assertions="0" time="0.002" />
    <testcase name="Compare-EmailAddress Cmdlet Tests.6 Output Type.6.2 Should return a PSCustomObject in Detailed mode" status="Passed" classname="G:\20 - Projects\EmailAddress\Tests\Unit\Public\Compare-EmailAddress.Tests.ps1" assertions="0" time="0.002" />
    <testcase name="Compare-EmailAddress Cmdlet Tests.6 Output Type.6.3 Should return a single value, not an array, for a single input in default mode" status="Passed" classname="G:\20 - Projects\EmailAddress\Tests\Unit\Public\Compare-EmailAddress.Tests.ps1" assertions="0" time="0.002" />
    <testcase name="Compare-EmailAddress Cmdlet Tests.6 Output Type.6.4 Should return a single PSCustomObject, not an array, for a single input in Detailed mode" status="Passed" classname="G:\20 - Projects\EmailAddress\Tests\Unit\Public\Compare-EmailAddress.Tests.ps1" assertions="0" time="0.002" />
  </testsuite>
  <testsuite name="G:\20 - Projects\EmailAddress\Tests\Unit\Public\ConvertTo-EmailAddress.Tests.ps1" tests="36" errors="0" failures="3" hostname="CRK4LAPTOP" id="3" skipped="0" disabled="0" package="G:\20 - Projects\EmailAddress\Tests\Unit\Public\ConvertTo-EmailAddress.Tests.ps1" time="0.401">
    <properties>
      <property name="user-domain" value="PITT" />
      <property name="platform" value="Microsoft Windows 11 Education Insider Preview|C:\WINDOWS|\Device\Harddisk0\Partition3" />
      <property name="machine-name" value="CRK4LAPTOP" />
      <property name="framework-version" value="5.7.1" />
      <property name="os-version" value="10.0.28020" />
      <property name="junit-version" value="4" />
      <property name="cwd" value="G:\20 - Projects\EmailAddress" />
      <property name="user" value="CRK4" />
      <property name="clr-version" value="9.0.10" />
    </properties>
    <testcase name="ConvertTo-EmailAddress Cmdlet Tests.1 Valid Input.1.1 Plain Address Strings.1.1.1 Should return an EmailAddress object from a plain address" status="Passed" classname="G:\20 - Projects\EmailAddress\Tests\Unit\Public\ConvertTo-EmailAddress.Tests.ps1" assertions="0" time="0.002" />
    <testcase name="ConvertTo-EmailAddress Cmdlet Tests.1 Valid Input.1.1 Plain Address Strings.1.1.2 Should set the correct address from a plain address string" status="Passed" classname="G:\20 - Projects\EmailAddress\Tests\Unit\Public\ConvertTo-EmailAddress.Tests.ps1" assertions="0" time="0.003" />
    <testcase name="ConvertTo-EmailAddress Cmdlet Tests.1 Valid Input.1.1 Plain Address Strings.1.1.3 Should set the display name to empty string from a plain address string" status="Passed" classname="G:\20 - Projects\EmailAddress\Tests\Unit\Public\ConvertTo-EmailAddress.Tests.ps1" assertions="0" time="0.002" />
    <testcase name="ConvertTo-EmailAddress Cmdlet Tests.1 Valid Input.1.1 Plain Address Strings.1.1.4 Should accept an address with a plus sign in the local part" status="Passed" classname="G:\20 - Projects\EmailAddress\Tests\Unit\Public\ConvertTo-EmailAddress.Tests.ps1" assertions="0" time="0.002" />
    <testcase name="ConvertTo-EmailAddress Cmdlet Tests.1 Valid Input.1.1 Plain Address Strings.1.1.5 Should accept an address with subdomains" status="Passed" classname="G:\20 - Projects\EmailAddress\Tests\Unit\Public\ConvertTo-EmailAddress.Tests.ps1" assertions="0" time="0.002" />
    <testcase name="ConvertTo-EmailAddress Cmdlet Tests.1 Valid Input.1.1 Plain Address Strings.1.1.6 Should accept an address with a multi-part TLD" status="Passed" classname="G:\20 - Projects\EmailAddress\Tests\Unit\Public\ConvertTo-EmailAddress.Tests.ps1" assertions="0" time="0.002" />
    <testcase name="ConvertTo-EmailAddress Cmdlet Tests.1 Valid Input.1.2 Named Mailbox Strings.1.2.1 Should return an EmailAddress object from a named mailbox string" status="Passed" classname="G:\20 - Projects\EmailAddress\Tests\Unit\Public\ConvertTo-EmailAddress.Tests.ps1" assertions="0" time="0.003" />
    <testcase name="ConvertTo-EmailAddress Cmdlet Tests.1 Valid Input.1.2 Named Mailbox Strings.1.2.2 Should parse the address correctly from a named mailbox string" status="Passed" classname="G:\20 - Projects\EmailAddress\Tests\Unit\Public\ConvertTo-EmailAddress.Tests.ps1" assertions="0" time="0.003" />
    <testcase name="ConvertTo-EmailAddress Cmdlet Tests.1 Valid Input.1.2 Named Mailbox Strings.1.2.3 Should parse the display name correctly from a named mailbox string" status="Passed" classname="G:\20 - Projects\EmailAddress\Tests\Unit\Public\ConvertTo-EmailAddress.Tests.ps1" assertions="0" time="0.002" />
    <testcase name="ConvertTo-EmailAddress Cmdlet Tests.1 Valid Input.1.2 Named Mailbox Strings.1.2.4 Should accept a display name containing special characters" status="Passed" classname="G:\20 - Projects\EmailAddress\Tests\Unit\Public\ConvertTo-EmailAddress.Tests.ps1" assertions="0" time="0.002" />
    <testcase name="ConvertTo-EmailAddress Cmdlet Tests.2 Invalid Input - Non-Terminating Error Behaviour.2.1 Should not throw for an address missing the @ symbol" status="Passed" classname="G:\20 - Projects\EmailAddress\Tests\Unit\Public\ConvertTo-EmailAddress.Tests.ps1" assertions="0" time="0.004" />
    <testcase name="ConvertTo-EmailAddress Cmdlet Tests.2 Invalid Input - Non-Terminating Error Behaviour.2.2 Should not throw for an address with a missing domain" status="Passed" classname="G:\20 - Projects\EmailAddress\Tests\Unit\Public\ConvertTo-EmailAddress.Tests.ps1" assertions="0" time="0.011" />
    <testcase name="ConvertTo-EmailAddress Cmdlet Tests.2 Invalid Input - Non-Terminating Error Behaviour.2.3 Should not throw for an address with a missing local part" status="Passed" classname="G:\20 - Projects\EmailAddress\Tests\Unit\Public\ConvertTo-EmailAddress.Tests.ps1" assertions="0" time="0.006" />
[...]
    <testcase name="Set-EmailAddress Cmdlet Tests.8 Output Type and Structure.8.4 Should return a single object, not an array, for a single input" status="Passed" classname="G:\20 - Projects\EmailAddress\Tests\Unit\Public\Set-EmailAddress.Tests.ps1" assertions="0" time="0.002" />
    <testcase name="Set-EmailAddress Cmdlet Tests.9 Round-Trip Consistency.9.1 Replacing LocalPart then Domain should match constructing from components" status="Passed" classname="G:\20 - Projects\EmailAddress\Tests\Unit\Public\Set-EmailAddress.Tests.ps1" assertions="0" time="0.004" />
    <testcase name="Set-EmailAddress Cmdlet Tests.9 Round-Trip Consistency.9.2 Replacing Domain then adding DisplayName should match a direct named mailbox construction" status="Passed" classname="G:\20 - Projects\EmailAddress\Tests\Unit\Public\Set-EmailAddress.Tests.ps1" assertions="0" time="0.002" />
    <testcase name="Set-EmailAddress Cmdlet Tests.9 Round-Trip Consistency.9.3 Removing and re-adding the display name should restore the original" status="Passed" classname="G:\20 - Projects\EmailAddress\Tests\Unit\Public\Set-EmailAddress.Tests.ps1" assertions="0" time="0.003" />
  </testsuite>
  <testsuite name="G:\20 - Projects\EmailAddress\Tests\Unit\Public\Test-EmailAddress.Tests.ps1" tests="62" errors="0" failures="0" hostname="CRK4LAPTOP" id="9" skipped="0" disabled="0" package="G:\20 - Projects\EmailAddress\Tests\Unit\Public\Test-EmailAddress.Tests.ps1" time="0.349">
    <properties>
      <property name="user-domain" value="PITT" />
      <property name="platform" value="Microsoft Windows 11 Education Insider Preview|C:\WINDOWS|\Device\Harddisk0\Partition3" />
      <property name="machine-name" value="CRK4LAPTOP" />
      <property name="framework-version" value="5.7.1" />
      <property name="os-version" value="10.0.28020" />
      <property name="junit-version" value="4" />
      <property name="cwd" value="G:\20 - Projects\EmailAddress" />
      <property name="user" value="CRK4" />
      <property name="clr-version" value="9.0.10" />
    </properties>
    <testcase name="Test-EmailAddress Cmdlet Tests.1 Default Output - Valid Addresses.1.1 Plain Address Strings.1.1.1 Should return true for a simple valid address" status="Passed" classname="G:\20 - Projects\EmailAddress\Tests\Unit\Public\Test-EmailAddress.Tests.ps1" assertions="0" time="0.003" />
    <testcase name="Test-EmailAddress Cmdlet Tests.1 Default Output - Valid Addresses.1.1 Plain Address Strings.1.1.2 Should return true for an address with a dot in the local part" status="Passed" classname="G:\20 - Projects\EmailAddress\Tests\Unit\Public\Test-EmailAddress.Tests.ps1" assertions="0" time="0.002" />
    <testcase name="Test-EmailAddress Cmdlet Tests.1 Default Output - Valid Addresses.1.1 Plain Address Strings.1.1.3 Should return true for an address with a plus sign in the local part" status="Passed" classname="G:\20 - Projects\EmailAddress\Tests\Unit\Public\Test-EmailAddress.Tests.ps1" assertions="0" time="0.002" />
    <testcase name="Test-EmailAddress Cmdlet Tests.1 Default Output - Valid Addresses.1.1 Plain Address Strings.1.1.4 Should return true for an address with subdomains" status="Passed" classname="G:\20 - Projects\EmailAddress\Tests\Unit\Public\Test-EmailAddress.Tests.ps1" assertions="0" time="0.002" />
    <testcase name="Test-EmailAddress Cmdlet Tests.1 Default Output - Valid Addresses.1.1 Plain Address Strings.1.1.5 Should return true for an address with a multi-part TLD" status="Passed" classname="G:\20 - Projects\EmailAddress\Tests\Unit\Public\Test-EmailAddress.Tests.ps1" assertions="0" time="0.002" />
    <testcase name="Test-EmailAddress Cmdlet Tests.1 Default Output - Valid Addresses.1.1 Plain Address Strings.1.1.6 Should return true for an address with uppercase characters" status="Passed" classname="G:\20 - Projects\EmailAddress\Tests\Unit\Public\Test-EmailAddress.Tests.ps1" assertions="0" time="0.002" />
    <testcase name="Test-EmailAddress Cmdlet Tests.1 Default Output - Valid Addresses.1.1 Plain Address Strings.1.1.7 Should return true for an address with a local part of exactly 64 characters" status="Passed" classname="G:\20 - Projects\EmailAddress\Tests\Unit\Public\Test-EmailAddress.Tests.ps1" assertions="0" time="0.002" />
    <testcase name="Test-EmailAddress Cmdlet Tests.1 Default Output - Valid Addresses.1.2 Named Mailbox Strings.1.2.1 Should return true for a named mailbox string with a valid address" status="Passed" classname="G:\20 - Projects\EmailAddress\Tests\Unit\Public\Test-EmailAddress.Tests.ps1" assertions="0" time="0.002" />
    <testcase name="Test-EmailAddress Cmdlet Tests.1 Default Output - Valid Addresses.1.2 Named Mailbox Strings.1.2.2 Should return true for a named mailbox string with a display name containing special characters" status="Passed" classname="G:\20 - Projects\EmailAddress\Tests\Unit\Public\Test-EmailAddress.Tests.ps1" assertions="0" time="0.002" />
    <testcase name="Test-EmailAddress Cmdlet Tests.1 Default Output - Valid Addresses.1.2 Named Mailbox Strings.1.2.3 Should return true for a bare angle-bracket format with a valid address" status="Passed" classname="G:\20 - Projects\EmailAddress\Tests\Unit\Public\Test-EmailAddress.Tests.ps1" assertions="0" time="0.002" />
    <testcase name="Test-EmailAddress Cmdlet Tests.2 Default Output - Invalid Addresses.2.1 Should return false for an empty string" status="Passed" classname="G:\20 - Projects\EmailAddress\Tests\Unit\Public\Test-EmailAddress.Tests.ps1" assertions="0" time="0.003" />
    <testcase name="Test-EmailAddress Cmdlet Tests.2 Default Output - Invalid Addresses.2.2 Should return false when the @ symbol is missing" status="Passed" classname="G:\20 - Projects\EmailAddress\Tests\Unit\Public\Test-EmailAddress.Tests.ps1" assertions="0" time="0.002" />
    <testcase name="Test-EmailAddress Cmdlet Tests.2 Default Output - Invalid Addresses.2.3 Should return false when the local part is missing" status="Passed" classname="G:\20 - Projects\EmailAddress\Tests\Unit\Public\Test-EmailAddress.Tests.ps1" assertions="0" time="0.002" />
    <testcase name="Test-EmailAddress Cmdlet Tests.2 Default Output - Invalid Addresses.2.4 Should return false when the domain is missing" status="Passed" classname="G:\20 - Projects\EmailAddress\Tests\Unit\Public\Test-EmailAddress.Tests.ps1" assertions="0" time="0.002" />
    <testcase name="Test-EmailAddress Cmdlet Tests.2 Default Output - Invalid Addresses.2.5 Should return false for multiple @ symbols" status="Passed" classname="G:\20 - Projects\EmailAddress\Tests\Unit\Public\Test-EmailAddress.Tests.ps1" assertions="0" time="0.002" />
    <testcase name="Test-EmailAddress Cmdlet Tests.2 Default Output - Invalid Addresses.2.6 Should return false when the local part starts with a dot" status="Passed" classname="G:\20 - Projects\EmailAddress\Tests\Unit\Public\Test-EmailAddress.Tests.ps1" assertions="0" time="0.002" />
    <testcase name="Test-EmailAddress Cmdlet Tests.2 Default Output - Invalid Addresses.2.7 Should return false when the local part ends with a dot" status="Passed" classname="G:\20 - Projects\EmailAddress\Tests\Unit\Public\Test-EmailAddress.Tests.ps1" assertions="0" time="0.002" />
    <testcase name="Test-EmailAddress Cmdlet Tests.2 Default Output - Invalid Addresses.2.8 Should return false when the local part contains consecutive dots" status="Passed" classname="G:\20 - Projects\EmailAddress\Tests\Unit\Public\Test-EmailAddress.Tests.ps1" assertions="0" time="0.002" />
    <testcase name="Test-EmailAddress Cmdlet Tests.2 Default Output - Invalid Addresses.2.9 Should return false when a domain label starts with a hyphen" status="Passed" classname="G:\20 - Projects\EmailAddress\Tests\Unit\Public\Test-EmailAddress.Tests.ps1" assertions="0" time="0.002" />
    <testcase name="Test-EmailAddress Cmdlet Tests.2 Default Output - Invalid Addresses.2.10 Should return false when a domain label ends with a hyphen" status="Passed" classname="G:\20 - Projects\EmailAddress\Tests\Unit\Public\Test-EmailAddress.Tests.ps1" assertions="0" time="0.002" />
    <testcase name="Test-EmailAddress Cmdlet Tests.2 Default Output - Invalid Addresses.2.11 Should return false when the domain has no TLD" status="Passed" classname="G:\20 - Projects\EmailAddress\Tests\Unit\Public\Test-EmailAddress.Tests.ps1" assertions="0" time="0.002" />
    <testcase name="Test-EmailAddress Cmdlet Tests.2 Default Output - Invalid Addresses.2.12 Should return false when the TLD is only one character" status="Passed" classname="G:\20 - Projects\EmailAddress\Tests\Unit\Public\Test-EmailAddress.Tests.ps1" assertions="0" time="0.002" />
    <testcase name="Test-EmailAddress Cmdlet Tests.2 Default Output - Invalid Addresses.2.13 Should return false when the local part exceeds 64 characters" status="Passed" classname="G:\20 - Projects\EmailAddress\Tests\Unit\Public\Test-EmailAddress.Tests.ps1" assertions="0" time="0.002" />
    <testcase name="Test-EmailAddress Cmdlet Tests.2 Default Output - Invalid Addresses.2.14 Should return false for a named mailbox string containing an invalid address" status="Passed" classname="G:\20 - Projects\EmailAddress\Tests\Unit\Public\Test-EmailAddress.Tests.ps1" assertions="0" time="0.003" />
    <testcase name="Test-EmailAddress Cmdlet Tests.2 Default Output - Invalid Addresses.2.15 Should return false for null input" status="Passed" classname="G:\20 - Projects\EmailAddress\Tests\Unit\Public\Test-EmailAddress.Tests.ps1" assertions="0" time="0.002" />
    <testcase name="Test-EmailAddress Cmdlet Tests.3 Default Output - Never Throws.3.1 Should never throw for an empty string" status="Passed" classname="G:\20 - Projects\EmailAddress\Tests\Unit\Public\Test-EmailAddress.Tests.ps1" assertions="0" time="0.005" />
    <testcase name="Test-EmailAddress Cmdlet Tests.3 Default Output - Never Throws.3.2 Should never throw for a null value" status="Passed" classname="G:\20 - Projects\EmailAddress\Tests\Unit\Public\Test-EmailAddress.Tests.ps1" assertions="0" time="0.002" />
    <testcase name="Test-EmailAddress Cmdlet Tests.3 Default Output - Never Throws.3.3 Should never throw for a completely invalid string" status="Passed" classname="G:\20 - Projects\EmailAddress\Tests\Unit\Public\Test-EmailAddress.Tests.ps1" assertions="0" time="0.002" />
    <testcase name="Test-EmailAddress Cmdlet Tests.3 Default Output - Never Throws.3.4 Should never throw for a named mailbox with an invalid address" status="Passed" classname="G:\20 - Projects\EmailAddress\Tests\Unit\Public\Test-EmailAddress.Tests.ps1" assertions="0" time="0.002" />
    <testcase name="Test-EmailAddress Cmdlet Tests.4 EmailAddress Object Input.4.1 Should return true when given a valid EmailAddress object" status="Passed" classname="G:\20 - Projects\EmailAddress\Tests\Unit\Public\Test-EmailAddress.Tests.ps1" assertions="0" time="0.004" />
    <testcase name="Test-EmailAddress Cmdlet Tests.4 EmailAddress Object Input.4.2 Should return true when given an EmailAddress object with a display name" status="Passed" classname="G:\20 - Projects\EmailAddress\Tests\Unit\Public\Test-EmailAddress.Tests.ps1" assertions="0" time="0.002" />
    <testcase name="Test-EmailAddress Cmdlet Tests.4 EmailAddress Object Input.4.3 Should return false when given a null EmailAddress reference" status="Passed" classname="G:\20 - Projects\EmailAddress\Tests\Unit\Public\Test-EmailAddress.Tests.ps1" assertions="0" time="0.002" />
    <testcase name="Test-EmailAddress Cmdlet Tests.5 Detailed Output.5.1 Valid Address - Detailed.5.1.1 Should return a PSCustomObject" status="Passed" classname="G:\20 - Projects\EmailAddress\Tests\Unit\Public\Test-EmailAddress.Tests.ps1" assertions="0" time="0.002" />
    <testcase name="Test-EmailAddress Cmdlet Tests.5 Detailed Output.5.1 Valid Address - Detailed.5.1.2 Should set IsValid to true for a valid address" status="Passed" classname="G:\20 - Projects\EmailAddress\Tests\Unit\Public\Test-EmailAddress.Tests.ps1" assertions="0" time="0.002" />
    <testcase name="Test-EmailAddress Cmdlet Tests.5 Detailed Output.5.1 Valid Address - Detailed.5.1.3 Should set Input to the original input string" status="Passed" classname="G:\20 - Projects\EmailAddress\Tests\Unit\Public\Test-EmailAddress.Tests.ps1" assertions="0" time="0.002" />
    <testcase name="Test-EmailAddress Cmdlet Tests.5 Detailed Output.5.1 Valid Address - Detailed.5.1.4 Should set Reason to an empty string for a valid address" status="Passed" classname="G:\20 - Projects\EmailAddress\Tests\Unit\Public\Test-EmailAddress.Tests.ps1" assertions="0" time="0.002" />
    <testcase name="Test-EmailAddress Cmdlet Tests.5 Detailed Output.5.2 Invalid Address - Detailed.5.2.1 Should return a PSCustomObject" status="Passed" classname="G:\20 - Projects\EmailAddress\Tests\Unit\Public\Test-EmailAddress.Tests.ps1" assertions="0" time="0.002" />
    <testcase name="Test-EmailAddress Cmdlet Tests.5 Detailed Output.5.2 Invalid Address - Detailed.5.2.2 Should set IsValid to false for an invalid address" status="Passed" classname="G:\20 - Projects\EmailAddress\Tests\Unit\Public\Test-EmailAddress.Tests.ps1" assertions="0" time="0.002" />
    <testcase name="Test-EmailAddress Cmdlet Tests.5 Detailed Output.5.2 Invalid Address - Detailed.5.2.3 Should set Input to the original input string" status="Passed" classname="G:\20 - Projects\EmailAddress\Tests\Unit\Public\Test-EmailAddress.Tests.ps1" assertions="0" time="0.002" />
    <testcase name="Test-EmailAddress Cmdlet Tests.5 Detailed Output.5.2 Invalid Address - Detailed.5.2.4 Should set Reason to a non-empty string for an invalid address" status="Passed" classname="G:\20 - Projects\EmailAddress\Tests\Unit\Public\Test-EmailAddress.Tests.ps1" assertions="0" time="0.001" />
    <testcase name="Test-EmailAddress Cmdlet Tests.5 Detailed Output.5.3 Named Mailbox String - Detailed.5.3.1 Should set Input to the full original named mailbox string" status="Passed" classname="G:\20 - Projects\EmailAddress\Tests\Unit\Public\Test-EmailAddress.Tests.ps1" assertions="0" time="0.003" />
    <testcase name="Test-EmailAddress Cmdlet Tests.5 Detailed Output.5.3 Named Mailbox String - Detailed.5.3.2 Should set IsValid to true for a named mailbox with a valid address" status="Passed" classname="G:\20 - Projects\EmailAddress\Tests\Unit\Public\Test-EmailAddress.Tests.ps1" assertions="0" time="0.003" />
    <testcase name="Test-EmailAddress Cmdlet Tests.5 Detailed Output.5.3 Named Mailbox String - Detailed.5.3.3 Should set IsValid to false for a named mailbox with an invalid address" status="Passed" classname="G:\20 - Projects\EmailAddress\Tests\Unit\Public\Test-EmailAddress.Tests.ps1" assertions="0" time="0.002" />
    <testcase name="Test-EmailAddress Cmdlet Tests.5 Detailed Output.5.4 EmailAddress Object Input - Detailed.5.4.1 Should return IsValid true when given a valid EmailAddress object" status="Passed" classname="G:\20 - Projects\EmailAddress\Tests\Unit\Public\Test-EmailAddress.Tests.ps1" assertions="0" time="0.003" />
    <testcase name="Test-EmailAddress Cmdlet Tests.5 Detailed Output.5.4 EmailAddress Object Input - Detailed.5.4.2 Should set Input to the address string of the EmailAddress object" status="Passed" classname="G:\20 - Projects\EmailAddress\Tests\Unit\Public\Test-EmailAddress.Tests.ps1" assertions="0" time="0.003" />
    <testcase name="Test-EmailAddress Cmdlet Tests.5 Detailed Output.5.5 Detailed Output Has Required Properties.5.5.1 Should expose an Input property" status="Passed" classname="G:\20 - Projects\EmailAddress\Tests\Unit\Public\Test-EmailAddress.Tests.ps1" assertions="0" time="0.003" />
    <testcase name="Test-EmailAddress Cmdlet Tests.5 Detailed Output.5.5 Detailed Output Has Required Properties.5.5.2 Should expose an IsValid property" status="Passed" classname="G:\20 - Projects\EmailAddress\Tests\Unit\Public\Test-EmailAddress.Tests.ps1" assertions="0" time="0.002" />
    <testcase name="Test-EmailAddress Cmdlet Tests.5 Detailed Output.5.5 Detailed Output Has Required Properties.5.5.3 Should expose a Reason property" status="Passed" classname="G:\20 - Projects\EmailAddress\Tests\Unit\Public\Test-EmailAddress.Tests.ps1" assertions="0" time="0.002" />
    <testcase name="Test-EmailAddress Cmdlet Tests.5 Detailed Output.5.5 Detailed Output Has Required Properties.5.5.4 Should return IsValid as a bool type" status="Passed" classname="G:\20 - Projects\EmailAddress\Tests\Unit\Public\Test-EmailAddress.Tests.ps1" assertions="0" time="0.003" />
    <testcase name="Test-EmailAddress Cmdlet Tests.5 Detailed Output.5.5 Detailed Output Has Required Properties.5.5.5 Should return Input as a string type" status="Passed" classname="G:\20 - Projects\EmailAddress\Tests\Unit\Public\Test-EmailAddress.Tests.ps1" assertions="0" time="0.002" />
    <testcase name="Test-EmailAddress Cmdlet Tests.6 Pipeline Input.6.1 Should accept a single address from the pipeline" status="Passed" classname="G:\20 - Projects\EmailAddress\Tests\Unit\Public\Test-EmailAddress.Tests.ps1" assertions="0" time="0.002" />
    <testcase name="Test-EmailAddress Cmdlet Tests.6 Pipeline Input.6.2 Should return one bool per input for multiple pipeline values" status="Passed" classname="G:\20 - Projects\EmailAddress\Tests\Unit\Public\Test-EmailAddress.Tests.ps1" assertions="0" time="0.002" />
    <testcase name="Test-EmailAddress Cmdlet Tests.6 Pipeline Input.6.3 Should return true for valid and false for invalid in a mixed pipeline" status="Passed" classname="G:\20 - Projects\EmailAddress\Tests\Unit\Public\Test-EmailAddress.Tests.ps1" assertions="0" time="0.006" />
    <testcase name="Test-EmailAddress Cmdlet Tests.6 Pipeline Input.6.4 Should preserve input order in the output" status="Passed" classname="G:\20 - Projects\EmailAddress\Tests\Unit\Public\Test-EmailAddress.Tests.ps1" assertions="0" time="0.003" />
    <testcase name="Test-EmailAddress Cmdlet Tests.6 Pipeline Input.6.5 Should return one PSCustomObject per input when piped with -Detailed" status="Passed" classname="G:\20 - Projects\EmailAddress\Tests\Unit\Public\Test-EmailAddress.Tests.ps1" assertions="0" time="0.004" />
    <testcase name="Test-EmailAddress Cmdlet Tests.6 Pipeline Input.6.6 Should correctly set IsValid on each Detailed result in a mixed pipeline" status="Passed" classname="G:\20 - Projects\EmailAddress\Tests\Unit\Public\Test-EmailAddress.Tests.ps1" assertions="0" time="0.002" />
    <testcase name="Test-EmailAddress Cmdlet Tests.6 Pipeline Input.6.7 Should work as a pipeline filter when used with Where-Object" status="Passed" classname="G:\20 - Projects\EmailAddress\Tests\Unit\Public\Test-EmailAddress.Tests.ps1" assertions="0" time="0.003" />
    <testcase name="Test-EmailAddress Cmdlet Tests.6 Pipeline Input.6.8 Should accept EmailAddress objects from the pipeline" status="Passed" classname="G:\20 - Projects\EmailAddress\Tests\Unit\Public\Test-EmailAddress.Tests.ps1" assertions="0" time="0.004" />
    <testcase name="Test-EmailAddress Cmdlet Tests.7 Output Type.7.1 Should return a bool in default mode" status="Passed" classname="G:\20 - Projects\EmailAddress\Tests\Unit\Public\Test-EmailAddress.Tests.ps1" assertions="0" time="0.003" />
    <testcase name="Test-EmailAddress Cmdlet Tests.7 Output Type.7.2 Should return a PSCustomObject in Detailed mode" status="Passed" classname="G:\20 - Projects\EmailAddress\Tests\Unit\Public\Test-EmailAddress.Tests.ps1" assertions="0" time="0.002" />
    <testcase name="Test-EmailAddress Cmdlet Tests.7 Output Type.7.3 Should return a single bool, not an array, for a single input in default mode" status="Passed" classname="G:\20 - Projects\EmailAddress\Tests\Unit\Public\Test-EmailAddress.Tests.ps1" assertions="0" time="0.002" />
    <testcase name="Test-EmailAddress Cmdlet Tests.7 Output Type.7.4 Should return a single PSCustomObject, not an array, for a single input in Detailed mode" status="Passed" classname="G:\20 - Projects\EmailAddress\Tests\Unit\Public\Test-EmailAddress.Tests.ps1" assertions="0" time="0.002" />
  </testsuite>
</testsuites>